<?xml version="1.0" encoding="UTF-8" standalone="yes"?><!DOCTYPE report PUBLIC "-//JACOCO//DTD Report 1.0//EN" "report.dtd"><report name="CSS Splitter Maven Plugin"><sessioninfo id="shawna-a143eaa7" start="1469959953421" dump="1469959955546"/><package name="biz/gabrys/maven/plugins/css/splitter/tree"><class name="biz/gabrys/maven/plugins/css/splitter/tree/OrderedTree$LeafWithDistance"><method name="&lt;init&gt;" desc="(Lbiz/gabrys/maven/plugins/css/splitter/tree/OrderedTree;I)V" line="201"><counter type="INSTRUCTION" missed="0" covered="9"/><counter type="LINE" missed="0" covered="4"/><counter type="COMPLEXITY" missed="0" covered="1"/><counter type="METHOD" missed="0" covered="1"/></method><counter type="INSTRUCTION" missed="0" covered="9"/><counter type="LINE" missed="0" covered="4"/><counter type="COMPLEXITY" missed="0" covered="1"/><counter type="METHOD" missed="0" covered="1"/><counter type="CLASS" missed="0" covered="1"/></class><class name="biz/gabrys/maven/plugins/css/splitter/tree/OrderedTree"><method name="&lt;init&gt;" desc="(Ljava/util/List;I)V" line="29"><counter type="INSTRUCTION" missed="0" covered="21"/><counter type="BRANCH" missed="0" covered="2"/><counter type="LINE" missed="0" covered="7"/><counter type="COMPLEXITY" missed="0" covered="2"/><counter type="METHOD" missed="0" covered="1"/></method><method name="&lt;init&gt;" desc="(I)V" line="41"><counter type="INSTRUCTION" missed="12" covered="15"/><counter type="BRANCH" missed="1" covered="1"/><counter type="LINE" missed="1" covered="5"/><counter type="COMPLEXITY" missed="1" covered="1"/><counter type="METHOD" missed="0" covered="1"/></method><method name="getChildren" desc="()Ljava/util/List;" line="50"><counter type="INSTRUCTION" missed="0" covered="6"/><counter type="LINE" missed="0" covered="1"/><counter type="COMPLEXITY" missed="0" covered="1"/><counter type="METHOD" missed="0" covered="1"/></method><method name="hasValue" desc="()Z" line="54"><counter type="INSTRUCTION" missed="0" covered="7"/><counter type="BRANCH" missed="0" covered="2"/><counter type="LINE" missed="0" covered="1"/><counter type="COMPLEXITY" missed="0" covered="2"/><counter type="METHOD" missed="0" covered="1"/></method><method name="getValue" desc="()Ljava/lang/Object;" line="58"><counter type="INSTRUCTION" missed="0" covered="3"/><counter type="LINE" missed="0" covered="1"/><counter type="COMPLEXITY" missed="0" covered="1"/><counter type="METHOD" missed="0" covered="1"/></method><method name="getOrder" desc="()I" line="62"><counter type="INSTRUCTION" missed="0" covered="3"/><counter type="LINE" missed="0" covered="1"/><counter type="COMPLEXITY" missed="0" covered="1"/><counter type="METHOD" missed="0" covered="1"/></method><method name="size" desc="()I" line="66"><counter type="INSTRUCTION" missed="0" covered="30"/><counter type="BRANCH" missed="0" covered="6"/><counter type="LINE" missed="0" covered="7"/><counter type="COMPLEXITY" missed="0" covered="4"/><counter type="METHOD" missed="0" covered="1"/></method><method name="getDepth" desc="()I" line="77"><counter type="INSTRUCTION" missed="0" covered="31"/><counter type="BRANCH" missed="0" covered="6"/><counter type="LINE" missed="0" covered="9"/><counter type="COMPLEXITY" missed="0" covered="4"/><counter type="METHOD" missed="0" covered="1"/></method><method name="createLeaves" desc="(I)V" line="91"><counter type="INSTRUCTION" missed="0" covered="10"/><counter type="BRANCH" missed="0" covered="2"/><counter type="LINE" missed="0" covered="3"/><counter type="COMPLEXITY" missed="0" covered="2"/><counter type="METHOD" missed="0" covered="1"/></method><method name="createLeaf" desc="()V" line="97"><counter type="INSTRUCTION" missed="0" covered="49"/><counter type="BRANCH" missed="0" covered="6"/><counter type="LINE" missed="0" covered="10"/><counter type="COMPLEXITY" missed="0" covered="4"/><counter type="METHOD" missed="0" covered="1"/></method><method name="isLeaf" desc="()Z" line="114"><counter type="INSTRUCTION" missed="0" covered="4"/><counter type="LINE" missed="0" covered="1"/><counter type="COMPLEXITY" missed="0" covered="1"/><counter type="METHOD" missed="0" covered="1"/></method><method name="getNotFullyFilledNode" desc="()Lbiz/gabrys/maven/plugins/css/splitter/tree/OrderedTree;" line="118"><counter type="INSTRUCTION" missed="0" covered="34"/><counter type="BRANCH" missed="0" covered="8"/><counter type="LINE" missed="0" covered="10"/><counter type="COMPLEXITY" missed="0" covered="5"/><counter type="METHOD" missed="0" covered="1"/></method><method name="findNearestLeafNode" desc="()Lbiz/gabrys/maven/plugins/css/splitter/tree/OrderedTree;" line="136"><counter type="INSTRUCTION" missed="0" covered="39"/><counter type="BRANCH" missed="0" covered="4"/><counter type="LINE" missed="0" covered="10"/><counter type="COMPLEXITY" missed="0" covered="3"/><counter type="METHOD" missed="0" covered="1"/></method><method name="getLeavesWithDistances" desc="()Ljava/util/List;" line="151"><counter type="INSTRUCTION" missed="0" covered="61"/><counter type="BRANCH" missed="0" covered="6"/><counter type="LINE" missed="0" covered="11"/><counter type="COMPLEXITY" missed="0" covered="4"/><counter type="METHOD" missed="0" covered="1"/></method><method name="fillLeaves" desc="(Ljava/util/List;)V" line="167"><counter type="INSTRUCTION" missed="20" covered="25"/><counter type="BRANCH" missed="1" covered="3"/><counter type="LINE" missed="2" covered="5"/><counter type="COMPLEXITY" missed="1" covered="2"/><counter type="METHOD" missed="0" covered="1"/></method><method name="getLeaves" desc="()Ljava/util/List;" line="178"><counter type="INSTRUCTION" missed="0" covered="27"/><counter type="BRANCH" missed="0" covered="2"/><counter type="LINE" missed="0" covered="6"/><counter type="COMPLEXITY" missed="0" covered="2"/><counter type="METHOD" missed="0" covered="1"/></method><method name="fillOrder" desc="(I)I" line="187"><counter type="INSTRUCTION" missed="0" covered="24"/><counter type="BRANCH" missed="0" covered="2"/><counter type="LINE" missed="0" covered="7"/><counter type="COMPLEXITY" missed="0" covered="2"/><counter type="METHOD" missed="0" covered="1"/></method><counter type="INSTRUCTION" missed="32" covered="389"/><counter type="BRANCH" missed="2" covered="50"/><counter type="LINE" missed="3" covered="95"/><counter type="COMPLEXITY" missed="2" covered="41"/><counter type="METHOD" missed="0" covered="17"/><counter type="CLASS" missed="0" covered="1"/></class><sourcefile name="OrderedTree.java"><line nr="29" mi="0" ci="3" mb="0" cb="0"/><line nr="31" mi="0" ci="3" mb="0" cb="2"/><line nr="32" mi="0" ci="1" mb="0" cb="0"/><line nr="36" mi="0" ci="6" mb="0" cb="0"/><line nr="37" mi="0" ci="3" mb="0" cb="0"/><line nr="38" mi="0" ci="4" mb="0" cb="0"/><line nr="39" mi="0" ci="1" mb="0" cb="0"/><line nr="41" mi="0" ci="2" mb="0" cb="0"/><line nr="42" mi="0" ci="3" mb="1" cb="1"/><line nr="43" mi="12" ci="0" mb="0" cb="0"/><line nr="45" mi="0" ci="3" mb="0" cb="0"/><line nr="46" mi="0" ci="6" mb="0" cb="0"/><line nr="47" mi="0" ci="1" mb="0" cb="0"/><line nr="50" mi="0" ci="6" mb="0" cb="0"/><line nr="54" mi="0" ci="7" mb="0" cb="2"/><line nr="58" mi="0" ci="3" mb="0" cb="0"/><line nr="62" mi="0" ci="3" mb="0" cb="0"/><line nr="66" mi="0" ci="7" mb="0" cb="2"/><line nr="67" mi="0" ci="11" mb="0" cb="2"/><line nr="68" mi="0" ci="3" mb="0" cb="2"/><line nr="69" mi="0" ci="1" mb="0" cb="0"/><line nr="71" mi="0" ci="5" mb="0" cb="0"/><line nr="72" mi="0" ci="1" mb="0" cb="0"/><line nr="73" mi="0" ci="2" mb="0" cb="0"/><line nr="77" mi="0" ci="3" mb="0" cb="2"/><line nr="78" mi="0" ci="2" mb="0" cb="0"/><line nr="80" mi="0" ci="2" mb="0" cb="0"/><line nr="81" mi="0" ci="11" mb="0" cb="2"/><line nr="82" mi="0" ci="3" mb="0" cb="0"/><line nr="83" mi="0" ci="3" mb="0" cb="2"/><line nr="84" mi="0" ci="2" mb="0" cb="0"/><line nr="86" mi="0" ci="1" mb="0" cb="0"/><line nr="87" mi="0" ci="4" mb="0" cb="0"/><line nr="91" mi="0" ci="7" mb="0" cb="2"/><line nr="92" mi="0" ci="2" mb="0" cb="0"/><line nr="94" mi="0" ci="1" mb="0" cb="0"/><line nr="97" mi="0" ci="3" mb="0" cb="2"/><line nr="98" mi="0" ci="9" mb="0" cb="0"/><line nr="99" mi="0" ci="10" mb="0" cb="0"/><line nr="101" mi="0" ci="6" mb="0" cb="2"/><line nr="102" mi="0" ci="10" mb="0" cb="0"/><line nr="105" mi="0" ci="3" mb="0" cb="0"/><line nr="106" mi="0" ci="2" mb="0" cb="2"/><line nr="107" mi="0" ci="3" mb="0" cb="0"/><line nr="109" mi="0" ci="2" mb="0" cb="0"/><line nr="111" mi="0" ci="1" mb="0" cb="0"/><line nr="114" mi="0" ci="4" mb="0" cb="0"/><line nr="118" mi="0" ci="3" mb="0" cb="2"/><line nr="119" mi="0" ci="2" mb="0" cb="0"/><line nr="122" mi="0" ci="6" mb="0" cb="2"/><line nr="123" mi="0" ci="2" mb="0" cb="0"/><line nr="126" mi="0" ci="11" mb="0" cb="2"/><line nr="127" mi="0" ci="3" mb="0" cb="0"/><line nr="128" mi="0" ci="2" mb="0" cb="2"/><line nr="129" mi="0" ci="2" mb="0" cb="0"/><line nr="131" mi="0" ci="1" mb="0" cb="0"/><line nr="132" mi="0" ci="2" mb="0" cb="0"/><line nr="136" mi="0" ci="3" mb="0" cb="0"/><line nr="137" mi="0" ci="5" mb="0" cb="0"/><line nr="138" mi="0" ci="3" mb="0" cb="0"/><line nr="139" mi="0" ci="3" mb="0" cb="0"/><line nr="140" mi="0" ci="8" mb="0" cb="2"/><line nr="141" mi="0" ci="5" mb="0" cb="0"/><line nr="142" mi="0" ci="4" mb="0" cb="2"/><line nr="143" mi="0" ci="3" mb="0" cb="0"/><line nr="144" mi="0" ci="3" mb="0" cb="0"/><line nr="147" mi="0" ci="2" mb="0" cb="0"/><line nr="151" mi="0" ci="3" mb="0" cb="2"/><line nr="152" mi="0" ci="4" mb="0" cb="0"/><line nr="153" mi="0" ci="9" mb="0" cb="0"/><line nr="154" mi="0" ci="2" mb="0" cb="0"/><line nr="157" mi="0" ci="4" mb="0" cb="0"/><line nr="158" mi="0" ci="11" mb="0" cb="2"/><line nr="159" mi="0" ci="11" mb="0" cb="2"/><line nr="160" mi="0" ci="13" mb="0" cb="0"/><line nr="161" mi="0" ci="1" mb="0" cb="0"/><line nr="162" mi="0" ci="1" mb="0" cb="0"/><line nr="163" mi="0" ci="2" mb="0" cb="0"/><line nr="167" mi="0" ci="3" mb="0" cb="0"/><line nr="168" mi="0" ci="5" mb="1" cb="1"/><line nr="169" mi="8" ci="0" mb="0" cb="0"/><line nr="170" mi="12" ci="0" mb="0" cb="0"/><line nr="172" mi="0" ci="8" mb="0" cb="2"/><line nr="173" mi="0" ci="8" mb="0" cb="0"/><line nr="175" mi="0" ci="1" mb="0" cb="0"/><line nr="178" mi="0" ci="3" mb="0" cb="0"/><line nr="179" mi="0" ci="6" mb="0" cb="0"/><line nr="180" mi="0" ci="10" mb="0" cb="2"/><line nr="181" mi="0" ci="5" mb="0" cb="0"/><line nr="182" mi="0" ci="1" mb="0" cb="0"/><line nr="183" mi="0" ci="2" mb="0" cb="0"/><line nr="187" mi="0" ci="3" mb="0" cb="0"/><line nr="188" mi="0" ci="2" mb="0" cb="0"/><line nr="189" mi="0" ci="11" mb="0" cb="2"/><line nr="190" mi="0" ci="1" mb="0" cb="0"/><line nr="191" mi="0" ci="4" mb="0" cb="0"/><line nr="192" mi="0" ci="1" mb="0" cb="0"/><line nr="193" mi="0" ci="2" mb="0" cb="0"/><line nr="201" mi="0" ci="2" mb="0" cb="0"/><line nr="202" mi="0" ci="3" mb="0" cb="0"/><line nr="203" mi="0" ci="3" mb="0" cb="0"/><line nr="204" mi="0" ci="1" mb="0" cb="0"/><counter type="INSTRUCTION" missed="32" covered="398"/><counter type="BRANCH" missed="2" covered="50"/><counter type="LINE" missed="3" covered="99"/><counter type="COMPLEXITY" missed="2" covered="42"/><counter type="METHOD" missed="0" covered="18"/><counter type="CLASS" missed="0" covered="2"/></sourcefile><counter type="INSTRUCTION" missed="32" covered="398"/><counter type="BRANCH" missed="2" covered="50"/><counter type="LINE" missed="3" covered="99"/><counter type="COMPLEXITY" missed="2" covered="42"/><counter type="METHOD" missed="0" covered="18"/><counter type="CLASS" missed="0" covered="2"/></package><package name="biz/gabrys/maven/plugins/css/splitter/css"><class name="biz/gabrys/maven/plugins/css/splitter/css/Standard"><method name="values" desc="()[Lbiz/gabrys/maven/plugins/css/splitter/css/Standard;" line="15"><counter type="INSTRUCTION" missed="0" covered="4"/><counter type="LINE" missed="0" covered="1"/><counter type="COMPLEXITY" missed="0" covered="1"/><counter type="METHOD" missed="0" covered="1"/></method><method name="valueOf" desc="(Ljava/lang/String;)Lbiz/gabrys/maven/plugins/css/splitter/css/Standard;" line="15"><counter type="INSTRUCTION" missed="5" covered="0"/><counter type="LINE" missed="1" covered="0"/><counter type="COMPLEXITY" missed="1" covered="0"/><counter type="METHOD" missed="1" covered="0"/></method><method name="&lt;init&gt;" desc="(Ljava/lang/String;ILjava/lang/String;)V" line="21"><counter type="INSTRUCTION" missed="0" covered="8"/><counter type="LINE" missed="0" covered="3"/><counter type="COMPLEXITY" missed="0" covered="1"/><counter type="METHOD" missed="0" covered="1"/></method><method name="create" desc="(Ljava/lang/String;)Lbiz/gabrys/maven/plugins/css/splitter/css/Standard;" line="26"><counter type="INSTRUCTION" missed="0" covered="35"/><counter type="BRANCH" missed="0" covered="4"/><counter type="LINE" missed="0" covered="4"/><counter type="COMPLEXITY" missed="0" covered="3"/><counter type="METHOD" missed="0" covered="1"/></method><method name="&lt;clinit&gt;" desc="()V" line="15"><counter type="INSTRUCTION" missed="0" covered="48"/><counter type="LINE" missed="0" covered="2"/><counter type="COMPLEXITY" missed="0" covered="1"/><counter type="METHOD" missed="0" covered="1"/></method><counter type="INSTRUCTION" missed="5" covered="95"/><counter type="BRANCH" missed="0" covered="4"/><counter type="LINE" missed="0" covered="9"/><counter type="COMPLEXITY" missed="1" covered="6"/><counter type="METHOD" missed="1" covered="4"/><counter type="CLASS" missed="0" covered="1"/></class><sourcefile name="Standard.java"><line nr="15" mi="5" ci="24" mb="0" cb="0"/><line nr="17" mi="0" ci="28" mb="0" cb="0"/><line nr="21" mi="0" ci="4" mb="0" cb="0"/><line nr="22" mi="0" ci="3" mb="0" cb="0"/><line nr="23" mi="0" ci="1" mb="0" cb="0"/><line nr="26" mi="0" ci="16" mb="0" cb="2"/><line nr="27" mi="0" ci="5" mb="0" cb="2"/><line nr="28" mi="0" ci="2" mb="0" cb="0"/><line nr="31" mi="0" ci="12" mb="0" cb="0"/><counter type="INSTRUCTION" missed="5" covered="95"/><counter type="BRANCH" missed="0" covered="4"/><counter type="LINE" missed="0" covered="9"/><counter type="COMPLEXITY" missed="1" covered="6"/><counter type="METHOD" missed="1" covered="4"/><counter type="CLASS" missed="0" covered="1"/></sourcefile><counter type="INSTRUCTION" missed="5" covered="95"/><counter type="BRANCH" missed="0" covered="4"/><counter type="LINE" missed="0" covered="9"/><counter type="COMPLEXITY" missed="1" covered="6"/><counter type="METHOD" missed="1" covered="4"/><counter type="CLASS" missed="0" covered="1"/></package><package name="biz/gabrys/maven/plugins/css/splitter"><class name="biz/gabrys/maven/plugins/css/splitter/SplitMojo$2"><method name="&lt;init&gt;" desc="(Lbiz/gabrys/maven/plugins/css/splitter/SplitMojo;)V" line="379"><counter type="INSTRUCTION" missed="6" covered="0"/><counter type="LINE" missed="1" covered="0"/><counter type="COMPLEXITY" missed="1" covered="0"/><counter type="METHOD" missed="1" covered="0"/></method><method name="isValid" desc="(Ljava/lang/Object;)Z" line="384"><counter type="INSTRUCTION" missed="18" covered="0"/><counter type="BRANCH" missed="4" covered="0"/><counter type="LINE" missed="4" covered="0"/><counter type="COMPLEXITY" missed="3" covered="0"/><counter type="METHOD" missed="1" covered="0"/></method><method name="sanitize" desc="(Ljava/lang/Object;)Ljava/lang/Object;" line="392"><counter type="INSTRUCTION" missed="3" covered="0"/><counter type="LINE" missed="1" covered="0"/><counter type="COMPLEXITY" missed="1" covered="0"/><counter type="METHOD" missed="1" covered="0"/></method><counter type="INSTRUCTION" missed="27" covered="0"/><counter type="BRANCH" missed="4" covered="0"/><counter type="LINE" missed="6" covered="0"/><counter type="COMPLEXITY" missed="5" covered="0"/><counter type="METHOD" missed="3" covered="0"/><counter type="CLASS" missed="1" covered="0"/></class><class name="biz/gabrys/maven/plugins/css/splitter/SplitMojo$1"><method name="&lt;init&gt;" desc="(Lbiz/gabrys/maven/plugins/css/splitter/SplitMojo;)V" line="361"><counter type="INSTRUCTION" missed="6" covered="0"/><counter type="LINE" missed="1" covered="0"/><counter type="COMPLEXITY" missed="1" covered="0"/><counter type="METHOD" missed="1" covered="0"/></method><method name="getValue" desc="()Ljava/lang/Object;" line="364"><counter type="INSTRUCTION" missed="4" covered="0"/><counter type="LINE" missed="1" covered="0"/><counter type="COMPLEXITY" missed="1" covered="0"/><counter type="METHOD" missed="1" covered="0"/></method><counter type="INSTRUCTION" missed="10" covered="0"/><counter type="LINE" missed="2" covered="0"/><counter type="COMPLEXITY" missed="2" covered="0"/><counter type="METHOD" missed="2" covered="0"/><counter type="CLASS" missed="1" covered="0"/></class><class name="biz/gabrys/maven/plugins/css/splitter/SplitMojo"><method name="&lt;init&gt;" desc="()V" line="130"><counter type="INSTRUCTION" missed="14" covered="0"/><counter type="LINE" missed="4" covered="0"/><counter type="COMPLEXITY" missed="1" covered="0"/><counter type="METHOD" missed="1" covered="0"/></method><method name="logParameters" desc="()V" line="351"><counter type="INSTRUCTION" missed="222" covered="0"/><counter type="BRANCH" missed="12" covered="0"/><counter type="LINE" missed="27" covered="0"/><counter type="COMPLEXITY" missed="7" covered="0"/><counter type="METHOD" missed="1" covered="0"/></method><method name="getDefaultIncludes" desc="()[Ljava/lang/String;" line="402"><counter type="INSTRUCTION" missed="20" covered="0"/><counter type="BRANCH" missed="2" covered="0"/><counter type="LINE" missed="3" covered="0"/><counter type="COMPLEXITY" missed="2" covered="0"/><counter type="METHOD" missed="1" covered="0"/></method><method name="getDefaultCacheTokenValue" desc="()Ljava/lang/String;" line="410"><counter type="INSTRUCTION" missed="10" covered="0"/><counter type="BRANCH" missed="2" covered="0"/><counter type="LINE" missed="3" covered="0"/><counter type="COMPLEXITY" missed="2" covered="0"/><counter type="METHOD" missed="1" covered="0"/></method><method name="logNonstricWarning" desc="()V" line="418"><counter type="INSTRUCTION" missed="17" covered="0"/><counter type="LINE" missed="5" covered="0"/><counter type="COMPLEXITY" missed="1" covered="0"/><counter type="METHOD" missed="1" covered="0"/></method><method name="calculateParameters" desc="()V" line="425"><counter type="INSTRUCTION" missed="55" covered="0"/><counter type="BRANCH" missed="14" covered="0"/><counter type="LINE" missed="15" covered="0"/><counter type="COMPLEXITY" missed="8" covered="0"/><counter type="METHOD" missed="1" covered="0"/></method><method name="validateParameters" desc="()V" line="449"><counter type="INSTRUCTION" missed="15" covered="0"/><counter type="BRANCH" missed="4" covered="0"/><counter type="LINE" missed="3" covered="0"/><counter type="COMPLEXITY" missed="3" covered="0"/><counter type="METHOD" missed="1" covered="0"/></method><method name="execute" desc="()V" line="455"><counter type="INSTRUCTION" missed="27" covered="0"/><counter type="BRANCH" missed="6" covered="0"/><counter type="LINE" missed="12" covered="0"/><counter type="COMPLEXITY" missed="4" covered="0"/><counter type="METHOD" missed="1" covered="0"/></method><method name="runSplitter" desc="()V" line="472"><counter type="INSTRUCTION" missed="35" covered="0"/><counter type="BRANCH" missed="4" covered="0"/><counter type="LINE" missed="10" covered="0"/><counter type="COMPLEXITY" missed="3" covered="0"/><counter type="METHOD" missed="1" covered="0"/></method><method name="getFiles" desc="()Ljava/util/Collection;" line="486"><counter type="INSTRUCTION" missed="28" covered="0"/><counter type="BRANCH" missed="2" covered="0"/><counter type="LINE" missed="5" covered="0"/><counter type="COMPLEXITY" missed="2" covered="0"/><counter type="METHOD" missed="1" covered="0"/></method><method name="resolveCacheToken" desc="()V" line="495"><counter type="INSTRUCTION" missed="61" covered="0"/><counter type="BRANCH" missed="6" covered="0"/><counter type="LINE" missed="12" covered="0"/><counter type="COMPLEXITY" missed="4" covered="0"/><counter type="METHOD" missed="1" covered="0"/></method><method name="splitFiles" desc="(Ljava/util/Collection;)V" line="514"><counter type="INSTRUCTION" missed="90" covered="0"/><counter type="BRANCH" missed="8" covered="0"/><counter type="LINE" missed="11" covered="0"/><counter type="COMPLEXITY" missed="5" covered="0"/><counter type="METHOD" missed="1" covered="0"/></method><method name="isCompilationRequired" desc="(Ljava/io/File;)Z" line="528"><counter type="INSTRUCTION" missed="32" covered="0"/><counter type="BRANCH" missed="6" covered="0"/><counter type="LINE" missed="6" covered="0"/><counter type="COMPLEXITY" missed="4" covered="0"/><counter type="METHOD" missed="1" covered="0"/></method><method name="splitFile" desc="(Ljava/io/File;)V" line="539"><counter type="INSTRUCTION" missed="69" covered="0"/><counter type="BRANCH" missed="6" covered="0"/><counter type="LINE" missed="16" covered="0"/><counter type="COMPLEXITY" missed="4" covered="0"/><counter type="METHOD" missed="1" covered="0"/></method><method name="readCss" desc="(Ljava/io/File;)Ljava/lang/String;" line="564"><counter type="INSTRUCTION" missed="20" covered="0"/><counter type="LINE" missed="3" covered="0"/><counter type="COMPLEXITY" missed="1" covered="0"/><counter type="METHOD" missed="1" covered="0"/></method><method name="parseStyleSheet" desc="(Ljava/lang/String;)Lbiz/gabrys/maven/plugins/css/splitter/css/type/StyleSheet;" line="571"><counter type="INSTRUCTION" missed="75" covered="0"/><counter type="BRANCH" missed="10" covered="0"/><counter type="LINE" missed="8" covered="0"/><counter type="COMPLEXITY" missed="6" covered="0"/><counter type="METHOD" missed="1" covered="0"/></method><method name="splitToParts" desc="(Lbiz/gabrys/maven/plugins/css/splitter/css/type/StyleSheet;)Ljava/util/List;" line="584"><counter type="INSTRUCTION" missed="44" covered="0"/><counter type="BRANCH" missed="6" covered="0"/><counter type="LINE" missed="6" covered="0"/><counter type="COMPLEXITY" missed="4" covered="0"/><counter type="METHOD" missed="1" covered="0"/></method><method name="validateImportsDepth" desc="(Ljava/util/List;)V" line="595"><counter type="INSTRUCTION" missed="53" covered="0"/><counter type="BRANCH" missed="6" covered="0"/><counter type="LINE" missed="10" covered="0"/><counter type="COMPLEXITY" missed="4" covered="0"/><counter type="METHOD" missed="1" covered="0"/></method><method name="convertToTree" desc="(Ljava/util/List;)Lbiz/gabrys/maven/plugins/css/splitter/tree/OrderedTree;" line="610"><counter type="INSTRUCTION" missed="7" covered="0"/><counter type="LINE" missed="1" covered="0"/><counter type="COMPLEXITY" missed="1" covered="0"/><counter type="METHOD" missed="1" covered="0"/></method><method name="convertToText" desc="(Ljava/util/List;)Ljava/util/List;" line="614"><counter type="INSTRUCTION" missed="24" covered="0"/><counter type="BRANCH" missed="2" covered="0"/><counter type="LINE" missed="5" covered="0"/><counter type="COMPLEXITY" missed="2" covered="0"/><counter type="METHOD" missed="1" covered="0"/></method><method name="compressStyleSheets" desc="(Ljava/util/List;)Ljava/util/List;" line="622"><counter type="INSTRUCTION" missed="56" covered="0"/><counter type="BRANCH" missed="6" covered="0"/><counter type="LINE" missed="9" covered="0"/><counter type="COMPLEXITY" missed="4" covered="0"/><counter type="METHOD" missed="1" covered="0"/></method><method name="validateStyleSheet" desc="(Lbiz/gabrys/maven/plugins/css/splitter/css/type/StyleSheet;)V" line="637"><counter type="INSTRUCTION" missed="23" covered="0"/><counter type="BRANCH" missed="2" covered="0"/><counter type="LINE" missed="5" covered="0"/><counter type="COMPLEXITY" missed="2" covered="0"/><counter type="METHOD" missed="1" covered="0"/></method><method name="saveParts" desc="(Ljava/io/File;Lbiz/gabrys/maven/plugins/css/splitter/tree/OrderedTreeNode;)V" line="646"><counter type="INSTRUCTION" missed="37" covered="0"/><counter type="BRANCH" missed="4" covered="0"/><counter type="LINE" missed="8" covered="0"/><counter type="COMPLEXITY" missed="3" covered="0"/><counter type="METHOD" missed="1" covered="0"/></method><method name="saveStyleSheetsTree" desc="(Ljava/io/File;Lbiz/gabrys/maven/plugins/css/splitter/tree/OrderedTreeNode;Ljava/lang/String;)V" line="660"><counter type="INSTRUCTION" missed="129" covered="0"/><counter type="BRANCH" missed="8" covered="0"/><counter type="LINE" missed="20" covered="0"/><counter type="COMPLEXITY" missed="5" covered="0"/><counter type="METHOD" missed="1" covered="0"/></method><method name="saveCss" desc="(Ljava/io/File;Ljava/lang/String;)V" line="687"><counter type="INSTRUCTION" missed="38" covered="0"/><counter type="BRANCH" missed="2" covered="0"/><counter type="LINE" missed="7" covered="0"/><counter type="COMPLEXITY" missed="2" covered="0"/><counter type="METHOD" missed="1" covered="0"/></method><counter type="INSTRUCTION" missed="1201" covered="0"/><counter type="BRANCH" missed="118" covered="0"/><counter type="LINE" missed="214" covered="0"/><counter type="COMPLEXITY" missed="84" covered="0"/><counter type="METHOD" missed="25" covered="0"/><counter type="CLASS" missed="1" covered="0"/></class><sourcefile name="SplitMojo.java"><line nr="130" mi="2" ci="0" mb="0" cb="0"/><line nr="194" mi="4" ci="0" mb="0" cb="0"/><line nr="204" mi="4" ci="0" mb="0" cb="0"/><line nr="348" mi="4" ci="0" mb="0" cb="0"/><line nr="351" mi="4" ci="0" mb="2" cb="0"/><line nr="352" mi="1" ci="0" mb="0" cb="0"/><line nr="354" mi="6" ci="0" mb="0" cb="0"/><line nr="355" mi="7" ci="0" mb="0" cb="0"/><line nr="356" mi="13" ci="0" mb="0" cb="0"/><line nr="357" mi="7" ci="0" mb="0" cb="0"/><line nr="358" mi="6" ci="0" mb="0" cb="0"/><line nr="359" mi="6" ci="0" mb="0" cb="0"/><line nr="360" mi="6" ci="0" mb="0" cb="0"/><line nr="361" mi="26" ci="0" mb="2" cb="0"/><line nr="364" mi="4" ci="0" mb="0" cb="0"/><line nr="367" mi="6" ci="0" mb="0" cb="0"/><line nr="368" mi="17" ci="0" mb="2" cb="0"/><line nr="369" mi="17" ci="0" mb="2" cb="0"/><line nr="370" mi="18" ci="0" mb="2" cb="0"/><line nr="372" mi="17" ci="0" mb="2" cb="0"/><line nr="373" mi="6" ci="0" mb="0" cb="0"/><line nr="374" mi="7" ci="0" mb="0" cb="0"/><line nr="375" mi="7" ci="0" mb="0" cb="0"/><line nr="376" mi="7" ci="0" mb="0" cb="0"/><line nr="377" mi="6" ci="0" mb="0" cb="0"/><line nr="378" mi="6" ci="0" mb="0" cb="0"/><line nr="379" mi="16" ci="0" mb="0" cb="0"/><line nr="384" mi="4" ci="0" mb="2" cb="0"/><line nr="385" mi="2" ci="0" mb="0" cb="0"/><line nr="387" mi="5" ci="0" mb="0" cb="0"/><line nr="388" mi="7" ci="0" mb="2" cb="0"/><line nr="392" mi="3" ci="0" mb="0" cb="0"/><line nr="395" mi="6" ci="0" mb="0" cb="0"/><line nr="396" mi="6" ci="0" mb="0" cb="0"/><line nr="397" mi="6" ci="0" mb="0" cb="0"/><line nr="398" mi="3" ci="0" mb="0" cb="0"/><line nr="399" mi="1" ci="0" mb="0" cb="0"/><line nr="402" mi="6" ci="0" mb="2" cb="0"/><line nr="403" mi="7" ci="0" mb="0" cb="0"/><line nr="405" mi="7" ci="0" mb="0" cb="0"/><line nr="410" mi="6" ci="0" mb="2" cb="0"/><line nr="411" mi="2" ci="0" mb="0" cb="0"/><line nr="413" mi="2" ci="0" mb="0" cb="0"/><line nr="418" mi="4" ci="0" mb="0" cb="0"/><line nr="419" mi="4" ci="0" mb="0" cb="0"/><line nr="420" mi="4" ci="0" mb="0" cb="0"/><line nr="421" mi="4" ci="0" mb="0" cb="0"/><line nr="422" mi="1" ci="0" mb="0" cb="0"/><line nr="425" mi="4" ci="0" mb="2" cb="0"/><line nr="426" mi="3" ci="0" mb="0" cb="0"/><line nr="428" mi="4" ci="0" mb="2" cb="0"/><line nr="429" mi="4" ci="0" mb="0" cb="0"/><line nr="431" mi="4" ci="0" mb="2" cb="0"/><line nr="432" mi="4" ci="0" mb="0" cb="0"/><line nr="434" mi="4" ci="0" mb="2" cb="0"/><line nr="435" mi="4" ci="0" mb="0" cb="0"/><line nr="437" mi="4" ci="0" mb="2" cb="0"/><line nr="438" mi="4" ci="0" mb="0" cb="0"/><line nr="440" mi="4" ci="0" mb="2" cb="0"/><line nr="441" mi="4" ci="0" mb="0" cb="0"/><line nr="443" mi="3" ci="0" mb="2" cb="0"/><line nr="444" mi="4" ci="0" mb="0" cb="0"/><line nr="446" mi="1" ci="0" mb="0" cb="0"/><line nr="449" mi="9" ci="0" mb="4" cb="0"/><line nr="450" mi="5" ci="0" mb="0" cb="0"/><line nr="452" mi="1" ci="0" mb="0" cb="0"/><line nr="455" mi="2" ci="0" mb="0" cb="0"/><line nr="456" mi="3" ci="0" mb="2" cb="0"/><line nr="457" mi="2" ci="0" mb="0" cb="0"/><line nr="459" mi="3" ci="0" mb="2" cb="0"/><line nr="460" mi="4" ci="0" mb="0" cb="0"/><line nr="461" mi="1" ci="0" mb="0" cb="0"/><line nr="463" mi="2" ci="0" mb="0" cb="0"/><line nr="464" mi="2" ci="0" mb="0" cb="0"/><line nr="465" mi="2" ci="0" mb="0" cb="0"/><line nr="466" mi="3" ci="0" mb="2" cb="0"/><line nr="467" mi="2" ci="0" mb="0" cb="0"/><line nr="469" mi="1" ci="0" mb="0" cb="0"/><line nr="472" mi="4" ci="0" mb="2" cb="0"/><line nr="473" mi="13" ci="0" mb="0" cb="0"/><line nr="474" mi="1" ci="0" mb="0" cb="0"/><line nr="476" mi="3" ci="0" mb="0" cb="0"/><line nr="477" mi="3" ci="0" mb="2" cb="0"/><line nr="478" mi="4" ci="0" mb="0" cb="0"/><line nr="479" mi="1" ci="0" mb="0" cb="0"/><line nr="481" mi="2" ci="0" mb="0" cb="0"/><line nr="482" mi="3" ci="0" mb="0" cb="0"/><line nr="483" mi="1" ci="0" mb="0" cb="0"/><line nr="486" mi="4" ci="0" mb="0" cb="0"/><line nr="487" mi="8" ci="0" mb="0" cb="0"/><line nr="488" mi="3" ci="0" mb="2" cb="0"/><line nr="489" mi="4" ci="0" mb="0" cb="0"/><line nr="491" mi="9" ci="0" mb="0" cb="0"/><line nr="495" mi="4" ci="0" mb="2" cb="0"/><line nr="496" mi="4" ci="0" mb="0" cb="0"/><line nr="499" mi="6" ci="0" mb="2" cb="0"/><line nr="500" mi="8" ci="0" mb="0" cb="0"/><line nr="501" mi="4" ci="0" mb="0" cb="0"/><line nr="502" mi="6" ci="0" mb="0" cb="0"/><line nr="503" mi="4" ci="0" mb="0" cb="0"/><line nr="504" mi="5" ci="0" mb="0" cb="0"/><line nr="505" mi="4" ci="0" mb="0" cb="0"/><line nr="508" mi="3" ci="0" mb="2" cb="0"/><line nr="509" mi="12" ci="0" mb="0" cb="0"/><line nr="511" mi="1" ci="0" mb="0" cb="0"/><line nr="514" mi="15" ci="0" mb="2" cb="0"/><line nr="515" mi="22" ci="0" mb="0" cb="0"/><line nr="516" mi="2" ci="0" mb="0" cb="0"/><line nr="517" mi="10" ci="0" mb="2" cb="0"/><line nr="518" mi="4" ci="0" mb="2" cb="0"/><line nr="519" mi="4" ci="0" mb="0" cb="0"/><line nr="520" mi="3" ci="0" mb="2" cb="0"/><line nr="521" mi="12" ci="0" mb="0" cb="0"/><line nr="523" mi="1" ci="0" mb="0" cb="0"/><line nr="524" mi="16" ci="0" mb="0" cb="0"/><line nr="525" mi="1" ci="0" mb="0" cb="0"/><line nr="528" mi="3" ci="0" mb="2" cb="0"/><line nr="529" mi="2" ci="0" mb="0" cb="0"/><line nr="531" mi="12" ci="0" mb="0" cb="0"/><line nr="532" mi="3" ci="0" mb="2" cb="0"/><line nr="533" mi="2" ci="0" mb="0" cb="0"/><line nr="535" mi="10" ci="0" mb="2" cb="0"/><line nr="539" mi="2" ci="0" mb="0" cb="0"/><line nr="540" mi="3" ci="0" mb="2" cb="0"/><line nr="541" mi="12" ci="0" mb="0" cb="0"/><line nr="542" mi="2" ci="0" mb="0" cb="0"/><line nr="544" mi="4" ci="0" mb="0" cb="0"/><line nr="545" mi="4" ci="0" mb="0" cb="0"/><line nr="546" mi="3" ci="0" mb="0" cb="0"/><line nr="548" mi="4" ci="0" mb="0" cb="0"/><line nr="549" mi="3" ci="0" mb="0" cb="0"/><line nr="551" mi="4" ci="0" mb="0" cb="0"/><line nr="552" mi="3" ci="0" mb="2" cb="0"/><line nr="553" mi="4" ci="0" mb="0" cb="0"/><line nr="555" mi="6" ci="0" mb="0" cb="0"/><line nr="557" mi="2" ci="0" mb="2" cb="0"/><line nr="558" mi="12" ci="0" mb="0" cb="0"/><line nr="560" mi="1" ci="0" mb="0" cb="0"/><line nr="564" mi="5" ci="0" mb="0" cb="0"/><line nr="565" mi="1" ci="0" mb="0" cb="0"/><line nr="566" mi="14" ci="0" mb="0" cb="0"/><line nr="571" mi="4" ci="0" mb="2" cb="0"/><line nr="572" mi="4" ci="0" mb="0" cb="0"/><line nr="574" mi="16" ci="0" mb="2" cb="0"/><line nr="575" mi="9" ci="0" mb="0" cb="0"/><line nr="576" mi="13" ci="0" mb="2" cb="0"/><line nr="577" mi="3" ci="0" mb="2" cb="0"/><line nr="578" mi="24" ci="0" mb="2" cb="0"/><line nr="580" mi="2" ci="0" mb="0" cb="0"/><line nr="584" mi="4" ci="0" mb="2" cb="0"/><line nr="585" mi="4" ci="0" mb="0" cb="0"/><line nr="587" mi="8" ci="0" mb="0" cb="0"/><line nr="588" mi="3" ci="0" mb="2" cb="0"/><line nr="589" mi="23" ci="0" mb="2" cb="0"/><line nr="591" mi="2" ci="0" mb="0" cb="0"/><line nr="595" mi="4" ci="0" mb="0" cb="0"/><line nr="596" mi="3" ci="0" mb="0" cb="0"/><line nr="597" mi="3" ci="0" mb="2" cb="0"/><line nr="598" mi="11" ci="0" mb="0" cb="0"/><line nr="600" mi="4" ci="0" mb="2" cb="0"/><line nr="601" mi="4" ci="0" mb="0" cb="0"/><line nr="603" mi="4" ci="0" mb="2" cb="0"/><line nr="604" mi="8" ci="0" mb="0" cb="0"/><line nr="605" mi="11" ci="0" mb="0" cb="0"/><line nr="607" mi="1" ci="0" mb="0" cb="0"/><line nr="610" mi="7" ci="0" mb="0" cb="0"/><line nr="614" mi="6" ci="0" mb="0" cb="0"/><line nr="615" mi="10" ci="0" mb="2" cb="0"/><line nr="616" mi="5" ci="0" mb="0" cb="0"/><line nr="617" mi="1" ci="0" mb="0" cb="0"/><line nr="618" mi="2" ci="0" mb="0" cb="0"/><line nr="622" mi="3" ci="0" mb="2" cb="0"/><line nr="623" mi="4" ci="0" mb="0" cb="0"/><line nr="625" mi="6" ci="0" mb="0" cb="0"/><line nr="626" mi="6" ci="0" mb="0" cb="0"/><line nr="627" mi="8" ci="0" mb="2" cb="0"/><line nr="628" mi="4" ci="0" mb="2" cb="0"/><line nr="629" mi="14" ci="0" mb="0" cb="0"/><line nr="631" mi="9" ci="0" mb="0" cb="0"/><line nr="633" mi="2" ci="0" mb="0" cb="0"/><line nr="637" mi="4" ci="0" mb="2" cb="0"/><line nr="638" mi="4" ci="0" mb="0" cb="0"/><line nr="641" mi="7" ci="0" mb="0" cb="0"/><line nr="642" mi="7" ci="0" mb="0" cb="0"/><line nr="643" mi="1" ci="0" mb="0" cb="0"/><line nr="646" mi="4" ci="0" mb="2" cb="0"/><line nr="647" mi="4" ci="0" mb="0" cb="0"/><line nr="650" mi="3" ci="0" mb="2" cb="0"/><line nr="651" mi="4" ci="0" mb="0" cb="0"/><line nr="653" mi="5" ci="0" mb="0" cb="0"/><line nr="654" mi="11" ci="0" mb="0" cb="0"/><line nr="655" mi="5" ci="0" mb="0" cb="0"/><line nr="656" mi="1" ci="0" mb="0" cb="0"/><line nr="660" mi="8" ci="0" mb="0" cb="0"/><line nr="661" mi="3" ci="0" mb="2" cb="0"/><line nr="662" mi="5" ci="0" mb="0" cb="0"/><line nr="664" mi="11" ci="0" mb="0" cb="0"/><line nr="665" mi="7" ci="0" mb="0" cb="0"/><line nr="667" mi="4" ci="0" mb="0" cb="0"/><line nr="669" mi="3" ci="0" mb="2" cb="0"/><line nr="670" mi="6" ci="0" mb="0" cb="0"/><line nr="671" mi="1" ci="0" mb="0" cb="0"/><line nr="674" mi="4" ci="0" mb="0" cb="0"/><line nr="675" mi="11" ci="0" mb="2" cb="0"/><line nr="676" mi="11" ci="0" mb="0" cb="0"/><line nr="677" mi="7" ci="0" mb="0" cb="0"/><line nr="678" mi="4" ci="0" mb="0" cb="0"/><line nr="679" mi="5" ci="0" mb="0" cb="0"/><line nr="680" mi="16" ci="0" mb="2" cb="0"/><line nr="681" mi="16" ci="0" mb="0" cb="0"/><line nr="682" mi="1" ci="0" mb="0" cb="0"/><line nr="683" mi="5" ci="0" mb="0" cb="0"/><line nr="684" mi="1" ci="0" mb="0" cb="0"/><line nr="687" mi="4" ci="0" mb="2" cb="0"/><line nr="688" mi="12" ci="0" mb="0" cb="0"/><line nr="691" mi="5" ci="0" mb="0" cb="0"/><line nr="692" mi="1" ci="0" mb="0" cb="0"/><line nr="693" mi="14" ci="0" mb="0" cb="0"/><line nr="694" mi="1" ci="0" mb="0" cb="0"/><line nr="695" mi="1" ci="0" mb="0" cb="0"/><counter type="INSTRUCTION" missed="1238" covered="0"/><counter type="BRANCH" missed="122" covered="0"/><counter type="LINE" missed="220" covered="0"/><counter type="COMPLEXITY" missed="91" covered="0"/><counter type="METHOD" missed="30" covered="0"/><counter type="CLASS" missed="3" covered="0"/></sourcefile><counter type="INSTRUCTION" missed="1238" covered="0"/><counter type="BRANCH" missed="122" covered="0"/><counter type="LINE" missed="220" covered="0"/><counter type="COMPLEXITY" missed="91" covered="0"/><counter type="METHOD" missed="30" covered="0"/><counter type="CLASS" missed="3" covered="0"/></package><package name="biz/gabrys/maven/plugins/css/splitter/token"><class name="biz/gabrys/maven/plugins/css/splitter/token/TokenType"><method name="values" desc="()[Lbiz/gabrys/maven/plugins/css/splitter/token/TokenType;" line="15"><counter type="INSTRUCTION" missed="0" covered="4"/><counter type="LINE" missed="0" covered="1"/><counter type="COMPLEXITY" missed="0" covered="1"/><counter type="METHOD" missed="0" covered="1"/></method><method name="valueOf" desc="(Ljava/lang/String;)Lbiz/gabrys/maven/plugins/css/splitter/token/TokenType;" line="15"><counter type="INSTRUCTION" missed="5" covered="0"/><counter type="LINE" missed="1" covered="0"/><counter type="COMPLEXITY" missed="1" covered="0"/><counter type="METHOD" missed="1" covered="0"/></method><method name="&lt;init&gt;" desc="(Ljava/lang/String;I)V" line="15"><counter type="INSTRUCTION" missed="0" covered="5"/><counter type="LINE" missed="0" covered="1"/><counter type="COMPLEXITY" missed="0" covered="1"/><counter type="METHOD" missed="0" covered="1"/></method><method name="create" desc="(Ljava/lang/String;)Lbiz/gabrys/maven/plugins/css/splitter/token/TokenType;" line="20"><counter type="INSTRUCTION" missed="0" covered="35"/><counter type="BRANCH" missed="0" covered="4"/><counter type="LINE" missed="0" covered="4"/><counter type="COMPLEXITY" missed="0" covered="3"/><counter type="METHOD" missed="0" covered="1"/></method><method name="createFactory" desc="()Lbiz/gabrys/maven/plugins/css/splitter/token/TokenValueFactory;" line="29"><counter type="INSTRUCTION" missed="0" covered="31"/><counter type="BRANCH" missed="0" covered="3"/><counter type="LINE" missed="0" covered="5"/><counter type="COMPLEXITY" missed="0" covered="3"/><counter type="METHOD" missed="0" covered="1"/></method><method name="&lt;clinit&gt;" desc="()V" line="15"><counter type="INSTRUCTION" missed="0" covered="34"/><counter type="LINE" missed="0" covered="2"/><counter type="COMPLEXITY" missed="0" covered="1"/><counter type="METHOD" missed="0" covered="1"/></method><counter type="INSTRUCTION" missed="5" covered="109"/><counter type="BRANCH" missed="0" covered="7"/><counter type="LINE" missed="0" covered="11"/><counter type="COMPLEXITY" missed="1" covered="9"/><counter type="METHOD" missed="1" covered="5"/><counter type="CLASS" missed="0" covered="1"/></class><class name="biz/gabrys/maven/plugins/css/splitter/token/TokenType$1"><method name="&lt;clinit&gt;" desc="()V" line="29"><counter type="INSTRUCTION" missed="2" covered="17"/><counter type="LINE" missed="0" covered="1"/><counter type="COMPLEXITY" missed="0" covered="1"/><counter type="METHOD" missed="0" covered="1"/></method><counter type="INSTRUCTION" missed="2" covered="17"/><counter type="LINE" missed="0" covered="1"/><counter type="COMPLEXITY" missed="0" covered="1"/><counter type="METHOD" missed="0" covered="1"/><counter type="CLASS" missed="0" covered="1"/></class><class name="biz/gabrys/maven/plugins/css/splitter/token/DateTokenValueFactory"><method name="&lt;init&gt;" desc="()V" line="20"><counter type="INSTRUCTION" missed="0" covered="3"/><counter type="LINE" missed="0" covered="1"/><counter type="COMPLEXITY" missed="0" covered="1"/><counter type="METHOD" missed="0" covered="1"/></method><method name="create" desc="(Ljava/lang/String;)Ljava/lang/String;" line="23"><counter type="INSTRUCTION" missed="0" covered="11"/><counter type="LINE" missed="0" covered="2"/><counter type="COMPLEXITY" missed="0" covered="1"/><counter type="METHOD" missed="0" covered="1"/></method><method name="getNow" desc="()Ljava/util/Date;" line="28"><counter type="INSTRUCTION" missed="4" covered="0"/><counter type="LINE" missed="1" covered="0"/><counter type="COMPLEXITY" missed="1" covered="0"/><counter type="METHOD" missed="1" covered="0"/></method><counter type="INSTRUCTION" missed="4" covered="14"/><counter type="LINE" missed="1" covered="3"/><counter type="COMPLEXITY" missed="1" covered="2"/><counter type="METHOD" missed="1" covered="2"/><counter type="CLASS" missed="0" covered="1"/></class><class name="biz/gabrys/maven/plugins/css/splitter/token/CustomValueTokenFactory"><method name="&lt;init&gt;" desc="()V" line="15"><counter type="INSTRUCTION" missed="0" covered="3"/><counter type="LINE" missed="0" covered="1"/><counter type="COMPLEXITY" missed="0" covered="1"/><counter type="METHOD" missed="0" covered="1"/></method><method name="create" desc="(Ljava/lang/String;)Ljava/lang/String;" line="18"><counter type="INSTRUCTION" missed="0" covered="2"/><counter type="LINE" missed="0" covered="1"/><counter type="COMPLEXITY" missed="0" covered="1"/><counter type="METHOD" missed="0" covered="1"/></method><counter type="INSTRUCTION" missed="0" covered="5"/><counter type="LINE" missed="0" covered="2"/><counter type="COMPLEXITY" missed="0" covered="2"/><counter type="METHOD" missed="0" covered="2"/><counter type="CLASS" missed="0" covered="1"/></class><sourcefile name="CustomValueTokenFactory.java"><line nr="15" mi="0" ci="3" mb="0" cb="0"/><line nr="18" mi="0" ci="2" mb="0" cb="0"/><counter type="INSTRUCTION" missed="0" covered="5"/><counter type="LINE" missed="0" covered="2"/><counter type="COMPLEXITY" missed="0" covered="2"/><counter type="METHOD" missed="0" covered="2"/><counter type="CLASS" missed="0" covered="1"/></sourcefile><sourcefile name="DateTokenValueFactory.java"><line nr="20" mi="0" ci="3" mb="0" cb="0"/><line nr="23" mi="0" ci="6" mb="0" cb="0"/><line nr="24" mi="0" ci="5" mb="0" cb="0"/><line nr="28" mi="4" ci="0" mb="0" cb="0"/><counter type="INSTRUCTION" missed="4" covered="14"/><counter type="LINE" missed="1" covered="3"/><counter type="COMPLEXITY" missed="1" covered="2"/><counter type="METHOD" missed="1" covered="2"/><counter type="CLASS" missed="0" covered="1"/></sourcefile><sourcefile name="TokenType.java"><line nr="15" mi="5" ci="25" mb="0" cb="0"/><line nr="17" mi="0" ci="18" mb="0" cb="0"/><line nr="20" mi="0" ci="16" mb="0" cb="2"/><line nr="21" mi="0" ci="5" mb="0" cb="2"/><line nr="22" mi="0" ci="2" mb="0" cb="0"/><line nr="25" mi="0" ci="12" mb="0" cb="0"/><line nr="29" mi="2" ci="22" mb="0" cb="3"/><line nr="31" mi="0" ci="4" mb="0" cb="0"/><line nr="33" mi="0" ci="4" mb="0" cb="0"/><line nr="35" mi="0" ci="8" mb="0" cb="0"/><line nr="36" mi="0" ci="10" mb="0" cb="0"/><counter type="INSTRUCTION" missed="7" covered="126"/><counter type="BRANCH" missed="0" covered="7"/><counter type="LINE" missed="0" covered="11"/><counter type="COMPLEXITY" missed="1" covered="10"/><counter type="METHOD" missed="1" covered="6"/><counter type="CLASS" missed="0" covered="2"/></sourcefile><counter type="INSTRUCTION" missed="11" covered="145"/><counter type="BRANCH" missed="0" covered="7"/><counter type="LINE" missed="1" covered="16"/><counter type="COMPLEXITY" missed="2" covered="14"/><counter type="METHOD" missed="2" covered="10"/><counter type="CLASS" missed="0" covered="4"/></package><package name="biz/gabrys/maven/plugins/css/splitter/steadystate/converter"><class name="biz/gabrys/maven/plugins/css/splitter/steadystate/converter/AbstractRuleConverter"><method name="&lt;init&gt;" desc="(Ljava/lang/Class;)V" line="25"><counter type="INSTRUCTION" missed="0" covered="6"/><counter type="LINE" missed="0" covered="3"/><counter type="COMPLEXITY" missed="0" covered="1"/><counter type="METHOD" missed="0" covered="1"/></method><method name="isSupportedType" desc="(Lorg/w3c/dom/css/CSSRule;)Z" line="30"><counter type="INSTRUCTION" missed="0" covered="11"/><counter type="BRANCH" missed="0" covered="4"/><counter type="LINE" missed="0" covered="1"/><counter type="COMPLEXITY" missed="0" covered="3"/><counter type="METHOD" missed="0" covered="1"/></method><method name="convert" desc="(Lorg/w3c/dom/css/CSSRule;)Lbiz/gabrys/maven/plugins/css/splitter/css/type/NodeRule;" line="34"><counter type="INSTRUCTION" missed="0" covered="17"/><counter type="BRANCH" missed="0" covered="2"/><counter type="LINE" missed="0" covered="3"/><counter type="COMPLEXITY" missed="0" covered="2"/><counter type="METHOD" missed="0" covered="1"/></method><counter type="INSTRUCTION" missed="0" covered="34"/><counter type="BRANCH" missed="0" covered="6"/><counter type="LINE" missed="0" covered="7"/><counter type="COMPLEXITY" missed="0" covered="6"/><counter type="METHOD" missed="0" covered="3"/><counter type="CLASS" missed="0" covered="1"/></class><class name="biz/gabrys/maven/plugins/css/splitter/steadystate/converter/ImportRuleConverter"><method name="&lt;init&gt;" desc="()V" line="22"><counter type="INSTRUCTION" missed="0" covered="4"/><counter type="LINE" missed="0" covered="2"/><counter type="COMPLEXITY" missed="0" covered="1"/><counter type="METHOD" missed="0" covered="1"/></method><method name="convert2" desc="(Lcom/steadystate/css/dom/CSSImportRuleImpl;)Lbiz/gabrys/maven/plugins/css/splitter/css/type/SimpleRule;" line="27"><counter type="INSTRUCTION" missed="0" covered="6"/><counter type="LINE" missed="0" covered="1"/><counter type="COMPLEXITY" missed="0" covered="1"/><counter type="METHOD" missed="0" covered="1"/></method><counter type="INSTRUCTION" missed="0" covered="10"/><counter type="LINE" missed="0" covered="3"/><counter type="COMPLEXITY" missed="0" covered="2"/><counter type="METHOD" missed="0" covered="2"/><counter type="CLASS" missed="0" covered="1"/></class><class name="biz/gabrys/maven/plugins/css/splitter/steadystate/converter/CharsetRuleConverter"><method name="&lt;init&gt;" desc="()V" line="22"><counter type="INSTRUCTION" missed="0" covered="4"/><counter type="LINE" missed="0" covered="2"/><counter type="COMPLEXITY" missed="0" covered="1"/><counter type="METHOD" missed="0" covered="1"/></method><method name="convert2" desc="(Lcom/steadystate/css/dom/CSSCharsetRuleImpl;)Lbiz/gabrys/maven/plugins/css/splitter/css/type/SimpleRule;" line="27"><counter type="INSTRUCTION" missed="0" covered="6"/><counter type="LINE" missed="0" covered="1"/><counter type="COMPLEXITY" missed="0" covered="1"/><counter type="METHOD" missed="0" covered="1"/></method><counter type="INSTRUCTION" missed="0" covered="10"/><counter type="LINE" missed="0" covered="3"/><counter type="COMPLEXITY" missed="0" covered="2"/><counter type="METHOD" missed="0" covered="2"/><counter type="CLASS" missed="0" covered="1"/></class><class name="biz/gabrys/maven/plugins/css/splitter/steadystate/converter/UnsupportedRuleException"><method name="&lt;init&gt;" desc="(Lorg/w3c/dom/css/CSSRule;)V" line="22"><counter type="INSTRUCTION" missed="0" covered="24"/><counter type="LINE" missed="0" covered="3"/><counter type="COMPLEXITY" missed="0" covered="1"/><counter type="METHOD" missed="0" covered="1"/></method><counter type="INSTRUCTION" missed="0" covered="24"/><counter type="LINE" missed="0" covered="3"/><counter type="COMPLEXITY" missed="0" covered="1"/><counter type="METHOD" missed="0" covered="1"/><counter type="CLASS" missed="0" covered="1"/></class><class name="biz/gabrys/maven/plugins/css/splitter/steadystate/converter/StyleRuleConverter"><method name="&lt;init&gt;" desc="()V" line="29"><counter type="INSTRUCTION" missed="0" covered="4"/><counter type="LINE" missed="0" covered="2"/><counter type="COMPLEXITY" missed="0" covered="1"/><counter type="METHOD" missed="0" covered="1"/></method><method name="convert2" desc="(Lcom/steadystate/css/dom/CSSStyleRuleImpl;)Lbiz/gabrys/maven/plugins/css/splitter/css/type/StyleRule;" line="34"><counter type="INSTRUCTION" missed="0" covered="60"/><counter type="BRANCH" missed="0" covered="4"/><counter type="LINE" missed="0" covered="10"/><counter type="COMPLEXITY" missed="0" covered="3"/><counter type="METHOD" missed="0" covered="1"/></method><counter type="INSTRUCTION" missed="0" covered="64"/><counter type="BRANCH" missed="0" covered="4"/><counter type="LINE" missed="0" covered="12"/><counter type="COMPLEXITY" missed="0" covered="4"/><counter type="METHOD" missed="0" covered="2"/><counter type="CLASS" missed="0" covered="1"/></class><class name="biz/gabrys/maven/plugins/css/splitter/steadystate/converter/StyleSheetConverter"><method name="&lt;init&gt;" desc="(Z)V" line="30"><counter type="INSTRUCTION" missed="0" covered="56"/><counter type="LINE" missed="0" covered="11"/><counter type="COMPLEXITY" missed="0" covered="1"/><counter type="METHOD" missed="0" covered="1"/></method><method name="&lt;init&gt;" desc="(Lbiz/gabrys/maven/plugins/css/splitter/steadystate/converter/RuleConverter;)V" line="43"><counter type="INSTRUCTION" missed="0" covered="6"/><counter type="LINE" missed="0" covered="3"/><counter type="COMPLEXITY" missed="0" covered="1"/><counter type="METHOD" missed="0" covered="1"/></method><method name="convert" desc="(Lorg/w3c/dom/css/CSSStyleSheet;)Lbiz/gabrys/maven/plugins/css/splitter/css/type/StyleSheet;" line="48"><counter type="INSTRUCTION" missed="0" covered="42"/><counter type="BRANCH" missed="0" covered="4"/><counter type="LINE" missed="0" covered="8"/><counter type="COMPLEXITY" missed="0" covered="3"/><counter type="METHOD" missed="0" covered="1"/></method><counter type="INSTRUCTION" missed="0" covered="104"/><counter type="BRANCH" missed="0" covered="4"/><counter type="LINE" missed="0" covered="22"/><counter type="COMPLEXITY" missed="0" covered="5"/><counter type="METHOD" missed="0" covered="3"/><counter type="CLASS" missed="0" covered="1"/></class><class name="biz/gabrys/maven/plugins/css/splitter/steadystate/converter/UnknownRuleConverter"><method name="&lt;init&gt;" desc="()V" line="22"><counter type="INSTRUCTION" missed="0" covered="4"/><counter type="LINE" missed="0" covered="2"/><counter type="COMPLEXITY" missed="0" covered="1"/><counter type="METHOD" missed="0" covered="1"/></method><method name="convert2" desc="(Lcom/steadystate/css/dom/CSSUnknownRuleImpl;)Lbiz/gabrys/maven/plugins/css/splitter/css/type/UnknownRule;" line="27"><counter type="INSTRUCTION" missed="0" covered="6"/><counter type="LINE" missed="0" covered="1"/><counter type="COMPLEXITY" missed="0" covered="1"/><counter type="METHOD" missed="0" covered="1"/></method><counter type="INSTRUCTION" missed="0" covered="10"/><counter type="LINE" missed="0" covered="3"/><counter type="COMPLEXITY" missed="0" covered="2"/><counter type="METHOD" missed="0" covered="2"/><counter type="CLASS" missed="0" covered="1"/></class><class name="biz/gabrys/maven/plugins/css/splitter/steadystate/converter/MediaRuleConverter"><method name="&lt;init&gt;" desc="(Z)V" line="32"><counter type="INSTRUCTION" missed="0" covered="40"/><counter type="BRANCH" missed="0" covered="2"/><counter type="LINE" missed="0" covered="9"/><counter type="COMPLEXITY" missed="0" covered="2"/><counter type="METHOD" missed="0" covered="1"/></method><method name="&lt;init&gt;" desc="(Lbiz/gabrys/maven/plugins/css/splitter/steadystate/converter/RuleConverter;)V" line="46"><counter type="INSTRUCTION" missed="0" covered="7"/><counter type="LINE" missed="0" covered="3"/><counter type="COMPLEXITY" missed="0" covered="1"/><counter type="METHOD" missed="0" covered="1"/></method><method name="convert2" desc="(Lcom/steadystate/css/dom/CSSMediaRuleImpl;)Lbiz/gabrys/maven/plugins/css/splitter/css/type/ComplexRule;" line="52"><counter type="INSTRUCTION" missed="0" covered="55"/><counter type="BRANCH" missed="0" covered="4"/><counter type="LINE" missed="0" covered="9"/><counter type="COMPLEXITY" missed="0" covered="3"/><counter type="METHOD" missed="0" covered="1"/></method><counter type="INSTRUCTION" missed="0" covered="102"/><counter type="BRANCH" missed="0" covered="6"/><counter type="LINE" missed="0" covered="21"/><counter type="COMPLEXITY" missed="0" covered="6"/><counter type="METHOD" missed="0" covered="3"/><counter type="CLASS" missed="0" covered="1"/></class><class name="biz/gabrys/maven/plugins/css/splitter/steadystate/converter/FontFaceRuleConverter"><method name="&lt;init&gt;" desc="()V" line="29"><counter type="INSTRUCTION" missed="0" covered="4"/><counter type="LINE" missed="0" covered="2"/><counter type="COMPLEXITY" missed="0" covered="1"/><counter type="METHOD" missed="0" covered="1"/></method><method name="convert2" desc="(Lcom/steadystate/css/dom/CSSFontFaceRuleImpl;)Lbiz/gabrys/maven/plugins/css/splitter/css/type/StyleRule;" line="34"><counter type="INSTRUCTION" missed="0" covered="44"/><counter type="BRANCH" missed="0" covered="2"/><counter type="LINE" missed="0" covered="6"/><counter type="COMPLEXITY" missed="0" covered="2"/><counter type="METHOD" missed="0" covered="1"/></method><counter type="INSTRUCTION" missed="0" covered="48"/><counter type="BRANCH" missed="0" covered="2"/><counter type="LINE" missed="0" covered="8"/><counter type="COMPLEXITY" missed="0" covered="3"/><counter type="METHOD" missed="0" covered="2"/><counter type="CLASS" missed="0" covered="1"/></class><class name="biz/gabrys/maven/plugins/css/splitter/steadystate/converter/PageRuleConverter"><method name="&lt;init&gt;" desc="()V" line="31"><counter type="INSTRUCTION" missed="0" covered="4"/><counter type="LINE" missed="0" covered="2"/><counter type="COMPLEXITY" missed="0" covered="1"/><counter type="METHOD" missed="0" covered="1"/></method><method name="convert2" desc="(Lcom/steadystate/css/dom/CSSPageRuleImpl;)Lbiz/gabrys/maven/plugins/css/splitter/css/type/StyleRule;" line="36"><counter type="INSTRUCTION" missed="0" covered="62"/><counter type="BRANCH" missed="0" covered="4"/><counter type="LINE" missed="0" covered="10"/><counter type="COMPLEXITY" missed="0" covered="3"/><counter type="METHOD" missed="0" covered="1"/></method><counter type="INSTRUCTION" missed="0" covered="66"/><counter type="BRANCH" missed="0" covered="4"/><counter type="LINE" missed="0" covered="12"/><counter type="COMPLEXITY" missed="0" covered="4"/><counter type="METHOD" missed="0" covered="2"/><counter type="CLASS" missed="0" covered="1"/></class><class name="biz/gabrys/maven/plugins/css/splitter/steadystate/converter/MultipleRuleConverter"><method name="&lt;init&gt;" desc="(Ljava/util/Collection;)V" line="27"><counter type="INSTRUCTION" missed="0" covered="9"/><counter type="LINE" missed="0" covered="3"/><counter type="COMPLEXITY" missed="0" covered="1"/><counter type="METHOD" missed="0" covered="1"/></method><method name="isSupportedType" desc="(Lorg/w3c/dom/css/CSSRule;)Z" line="32"><counter type="INSTRUCTION" missed="0" covered="8"/><counter type="BRANCH" missed="0" covered="2"/><counter type="LINE" missed="0" covered="1"/><counter type="COMPLEXITY" missed="0" covered="2"/><counter type="METHOD" missed="0" covered="1"/></method><method name="convert" desc="(Lorg/w3c/dom/css/CSSRule;)Lbiz/gabrys/maven/plugins/css/splitter/css/type/NodeRule;" line="36"><counter type="INSTRUCTION" missed="0" covered="15"/><counter type="BRANCH" missed="0" covered="2"/><counter type="LINE" missed="0" covered="4"/><counter type="COMPLEXITY" missed="0" covered="2"/><counter type="METHOD" missed="0" covered="1"/></method><method name="getConverter" desc="(Lorg/w3c/dom/css/CSSRule;)Lbiz/gabrys/maven/plugins/css/splitter/steadystate/converter/RuleConverter;" line="44"><counter type="INSTRUCTION" missed="0" covered="20"/><counter type="BRANCH" missed="0" covered="4"/><counter type="LINE" missed="0" covered="5"/><counter type="COMPLEXITY" missed="0" covered="3"/><counter type="METHOD" missed="0" covered="1"/></method><counter type="INSTRUCTION" missed="0" covered="52"/><counter type="BRANCH" missed="0" covered="8"/><counter type="LINE" missed="0" covered="13"/><counter type="COMPLEXITY" missed="0" covered="8"/><counter type="METHOD" missed="0" covered="4"/><counter type="CLASS" missed="0" covered="1"/></class><sourcefile name="UnknownRuleConverter.java"><line nr="22" mi="0" ci="3" mb="0" cb="0"/><line nr="23" mi="0" ci="1" mb="0" cb="0"/><line nr="27" mi="0" ci="6" mb="0" cb="0"/><counter type="INSTRUCTION" missed="0" covered="10"/><counter type="LINE" missed="0" covered="3"/><counter type="COMPLEXITY" missed="0" covered="2"/><counter type="METHOD" missed="0" covered="2"/><counter type="CLASS" missed="0" covered="1"/></sourcefile><sourcefile name="MediaRuleConverter.java"><line nr="32" mi="0" ci="3" mb="0" cb="0"/><line nr="33" mi="0" ci="2" mb="0" cb="2"/><line nr="34" mi="0" ci="6" mb="0" cb="0"/><line nr="36" mi="0" ci="4" mb="0" cb="0"/><line nr="37" mi="0" ci="6" mb="0" cb="0"/><line nr="38" mi="0" ci="6" mb="0" cb="0"/><line nr="39" mi="0" ci="6" mb="0" cb="0"/><line nr="40" mi="0" ci="6" mb="0" cb="0"/><line nr="42" mi="0" ci="1" mb="0" cb="0"/><line nr="46" mi="0" ci="3" mb="0" cb="0"/><line nr="47" mi="0" ci="3" mb="0" cb="0"/><line nr="48" mi="0" ci="1" mb="0" cb="0"/><line nr="52" mi="0" ci="4" mb="0" cb="0"/><line nr="53" mi="0" ci="4" mb="0" cb="0"/><line nr="54" mi="0" ci="8" mb="0" cb="2"/><line nr="55" mi="0" ci="8" mb="0" cb="0"/><line nr="58" mi="0" ci="4" mb="0" cb="0"/><line nr="59" mi="0" ci="3" mb="0" cb="0"/><line nr="60" mi="0" ci="8" mb="0" cb="2"/><line nr="61" mi="0" ci="9" mb="0" cb="0"/><line nr="64" mi="0" ci="7" mb="0" cb="0"/><counter type="INSTRUCTION" missed="0" covered="102"/><counter type="BRANCH" missed="0" covered="6"/><counter type="LINE" missed="0" covered="21"/><counter type="COMPLEXITY" missed="0" covered="6"/><counter type="METHOD" missed="0" covered="3"/><counter type="CLASS" missed="0" covered="1"/></sourcefile><sourcefile name="PageRuleConverter.java"><line nr="31" mi="0" ci="3" mb="0" cb="0"/><line nr="32" mi="0" ci="1" mb="0" cb="0"/><line nr="36" mi="0" ci="4" mb="0" cb="0"/><line nr="37" mi="0" ci="4" mb="0" cb="0"/><line nr="38" mi="0" ci="11" mb="0" cb="2"/><line nr="39" mi="0" ci="11" mb="0" cb="0"/><line nr="40" mi="0" ci="1" mb="0" cb="0"/><line nr="41" mi="0" ci="2" mb="0" cb="0"/><line nr="42" mi="0" ci="3" mb="0" cb="0"/><line nr="43" mi="0" ci="3" mb="0" cb="2"/><line nr="44" mi="0" ci="11" mb="0" cb="0"/><line nr="46" mi="0" ci="12" mb="0" cb="0"/><counter type="INSTRUCTION" missed="0" covered="66"/><counter type="BRANCH" missed="0" covered="4"/><counter type="LINE" missed="0" covered="12"/><counter type="COMPLEXITY" missed="0" covered="4"/><counter type="METHOD" missed="0" covered="2"/><counter type="CLASS" missed="0" covered="1"/></sourcefile><sourcefile name="StyleRuleConverter.java"><line nr="29" mi="0" ci="3" mb="0" cb="0"/><line nr="30" mi="0" ci="1" mb="0" cb="0"/><line nr="34" mi="0" ci="4" mb="0" cb="0"/><line nr="35" mi="0" ci="4" mb="0" cb="0"/><line nr="36" mi="0" ci="8" mb="0" cb="2"/><line nr="37" mi="0" ci="7" mb="0" cb="0"/><line nr="39" mi="0" ci="4" mb="0" cb="0"/><line nr="40" mi="0" ci="4" mb="0" cb="0"/><line nr="41" mi="0" ci="11" mb="0" cb="2"/><line nr="42" mi="0" ci="11" mb="0" cb="0"/><line nr="43" mi="0" ci="1" mb="0" cb="0"/><line nr="44" mi="0" ci="6" mb="0" cb="0"/><counter type="INSTRUCTION" missed="0" covered="64"/><counter type="BRANCH" missed="0" covered="4"/><counter type="LINE" missed="0" covered="12"/><counter type="COMPLEXITY" missed="0" covered="4"/><counter type="METHOD" missed="0" covered="2"/><counter type="CLASS" missed="0" covered="1"/></sourcefile><sourcefile name="StyleSheetConverter.java"><line nr="30" mi="0" ci="2" mb="0" cb="0"/><line nr="31" mi="0" ci="4" mb="0" cb="0"/><line nr="32" mi="0" ci="6" mb="0" cb="0"/><line nr="33" mi="0" ci="7" mb="0" cb="0"/><line nr="34" mi="0" ci="6" mb="0" cb="0"/><line nr="35" mi="0" ci="6" mb="0" cb="0"/><line nr="36" mi="0" ci="6" mb="0" cb="0"/><line nr="37" mi="0" ci="6" mb="0" cb="0"/><line nr="38" mi="0" ci="6" mb="0" cb="0"/><line nr="39" mi="0" ci="6" mb="0" cb="0"/><line nr="40" mi="0" ci="1" mb="0" cb="0"/><line nr="43" mi="0" ci="2" mb="0" cb="0"/><line nr="44" mi="0" ci="3" mb="0" cb="0"/><line nr="45" mi="0" ci="1" mb="0" cb="0"/><line nr="48" mi="0" ci="4" mb="0" cb="0"/><line nr="49" mi="0" ci="3" mb="0" cb="0"/><line nr="50" mi="0" ci="8" mb="0" cb="2"/><line nr="51" mi="0" ci="4" mb="0" cb="0"/><line nr="52" mi="0" ci="5" mb="0" cb="2"/><line nr="53" mi="0" ci="8" mb="0" cb="0"/><line nr="55" mi="0" ci="5" mb="0" cb="0"/><line nr="58" mi="0" ci="5" mb="0" cb="0"/><counter type="INSTRUCTION" missed="0" covered="104"/><counter type="BRANCH" missed="0" covered="4"/><counter type="LINE" missed="0" covered="22"/><counter type="COMPLEXITY" missed="0" covered="5"/><counter type="METHOD" missed="0" covered="3"/><counter type="CLASS" missed="0" covered="1"/></sourcefile><sourcefile name="ImportRuleConverter.java"><line nr="22" mi="0" ci="3" mb="0" cb="0"/><line nr="23" mi="0" ci="1" mb="0" cb="0"/><line nr="27" mi="0" ci="6" mb="0" cb="0"/><counter type="INSTRUCTION" missed="0" covered="10"/><counter type="LINE" missed="0" covered="3"/><counter type="COMPLEXITY" missed="0" covered="2"/><counter type="METHOD" missed="0" covered="2"/><counter type="CLASS" missed="0" covered="1"/></sourcefile><sourcefile name="FontFaceRuleConverter.java"><line nr="29" mi="0" ci="3" mb="0" cb="0"/><line nr="30" mi="0" ci="1" mb="0" cb="0"/><line nr="34" mi="0" ci="4" mb="0" cb="0"/><line nr="35" mi="0" ci="4" mb="0" cb="0"/><line nr="36" mi="0" ci="11" mb="0" cb="2"/><line nr="37" mi="0" ci="11" mb="0" cb="0"/><line nr="38" mi="0" ci="1" mb="0" cb="0"/><line nr="39" mi="0" ci="13" mb="0" cb="0"/><counter type="INSTRUCTION" missed="0" covered="48"/><counter type="BRANCH" missed="0" covered="2"/><counter type="LINE" missed="0" covered="8"/><counter type="COMPLEXITY" missed="0" covered="3"/><counter type="METHOD" missed="0" covered="2"/><counter type="CLASS" missed="0" covered="1"/></sourcefile><sourcefile name="UnsupportedRuleException.java"><line nr="22" mi="0" ci="9" mb="0" cb="0"/><line nr="23" mi="0" ci="14" mb="0" cb="0"/><line nr="24" mi="0" ci="1" mb="0" cb="0"/><counter type="INSTRUCTION" missed="0" covered="24"/><counter type="LINE" missed="0" covered="3"/><counter type="COMPLEXITY" missed="0" covered="1"/><counter type="METHOD" missed="0" covered="1"/><counter type="CLASS" missed="0" covered="1"/></sourcefile><sourcefile name="CharsetRuleConverter.java"><line nr="22" mi="0" ci="3" mb="0" cb="0"/><line nr="23" mi="0" ci="1" mb="0" cb="0"/><line nr="27" mi="0" ci="6" mb="0" cb="0"/><counter type="INSTRUCTION" missed="0" covered="10"/><counter type="LINE" missed="0" covered="3"/><counter type="COMPLEXITY" missed="0" covered="2"/><counter type="METHOD" missed="0" covered="2"/><counter type="CLASS" missed="0" covered="1"/></sourcefile><sourcefile name="AbstractRuleConverter.java"><line nr="25" mi="0" ci="2" mb="0" cb="0"/><line nr="26" mi="0" ci="3" mb="0" cb="0"/><line nr="27" mi="0" ci="1" mb="0" cb="0"/><line nr="30" mi="0" ci="11" mb="0" cb="4"/><line nr="34" mi="0" ci="4" mb="0" cb="2"/><line nr="35" mi="0" ci="5" mb="0" cb="0"/><line nr="37" mi="0" ci="8" mb="0" cb="0"/><counter type="INSTRUCTION" missed="0" covered="34"/><counter type="BRANCH" missed="0" covered="6"/><counter type="LINE" missed="0" covered="7"/><counter type="COMPLEXITY" missed="0" covered="6"/><counter type="METHOD" missed="0" covered="3"/><counter type="CLASS" missed="0" covered="1"/></sourcefile><sourcefile name="MultipleRuleConverter.java"><line nr="27" mi="0" ci="2" mb="0" cb="0"/><line nr="28" mi="0" ci="6" mb="0" cb="0"/><line nr="29" mi="0" ci="1" mb="0" cb="0"/><line nr="32" mi="0" ci="8" mb="0" cb="2"/><line nr="36" mi="0" ci="4" mb="0" cb="0"/><line nr="37" mi="0" ci="2" mb="0" cb="2"/><line nr="38" mi="0" ci="4" mb="0" cb="0"/><line nr="40" mi="0" ci="5" mb="0" cb="0"/><line nr="44" mi="0" ci="11" mb="0" cb="2"/><line nr="45" mi="0" ci="4" mb="0" cb="2"/><line nr="46" mi="0" ci="2" mb="0" cb="0"/><line nr="48" mi="0" ci="1" mb="0" cb="0"/><line nr="49" mi="0" ci="2" mb="0" cb="0"/><counter type="INSTRUCTION" missed="0" covered="52"/><counter type="BRANCH" missed="0" covered="8"/><counter type="LINE" missed="0" covered="13"/><counter type="COMPLEXITY" missed="0" covered="8"/><counter type="METHOD" missed="0" covered="4"/><counter type="CLASS" missed="0" covered="1"/></sourcefile><counter type="INSTRUCTION" missed="0" covered="524"/><counter type="BRANCH" missed="0" covered="34"/><counter type="LINE" missed="0" covered="107"/><counter type="COMPLEXITY" missed="0" covered="43"/><counter type="METHOD" missed="0" covered="26"/><counter type="CLASS" missed="0" covered="11"/></package><package name="biz/gabrys/maven/plugins/css/splitter/split"><class name="biz/gabrys/maven/plugins/css/splitter/split/NeighborsManager"><method name="&lt;init&gt;" desc="()V" line="17"><counter type="INSTRUCTION" missed="0" covered="3"/><counter type="LINE" missed="0" covered="1"/><counter type="COMPLEXITY" missed="0" covered="1"/><counter type="METHOD" missed="0" covered="1"/></method><method name="fill" desc="(Lbiz/gabrys/maven/plugins/css/splitter/css/type/NodeRule;Lbiz/gabrys/maven/plugins/css/splitter/css/type/NodeRule;Lbiz/gabrys/maven/plugins/css/splitter/css/type/NodeRule;)V" line="20"><counter type="INSTRUCTION" missed="0" covered="41"/><counter type="BRANCH" missed="0" covered="4"/><counter type="LINE" missed="0" covered="14"/><counter type="COMPLEXITY" missed="0" covered="3"/><counter type="METHOD" missed="0" covered="1"/></method><counter type="INSTRUCTION" missed="0" covered="44"/><counter type="BRANCH" missed="0" covered="4"/><counter type="LINE" missed="0" covered="15"/><counter type="COMPLEXITY" missed="0" covered="4"/><counter type="METHOD" missed="0" covered="2"/><counter type="CLASS" missed="0" covered="1"/></class><class name="biz/gabrys/maven/plugins/css/splitter/split/StyleRuleSplitter"><method name="&lt;init&gt;" desc="()V" line="25"><counter type="INSTRUCTION" missed="6" covered="0"/><counter type="LINE" missed="2" covered="0"/><counter type="COMPLEXITY" missed="1" covered="0"/><counter type="METHOD" missed="1" covered="0"/></method><method name="&lt;init&gt;" desc="(Lbiz/gabrys/maven/plugins/css/splitter/split/NeighborsManager;)V" line="30"><counter type="INSTRUCTION" missed="0" covered="7"/><counter type="LINE" missed="0" covered="3"/><counter type="COMPLEXITY" missed="0" covered="1"/><counter type="METHOD" missed="0" covered="1"/></method><method name="isSplittable2" desc="(Lbiz/gabrys/maven/plugins/css/splitter/css/type/StyleRule;)Z" line="36"><counter type="INSTRUCTION" missed="0" covered="3"/><counter type="LINE" missed="0" covered="1"/><counter type="COMPLEXITY" missed="0" covered="1"/><counter type="METHOD" missed="0" covered="1"/></method><method name="split2" desc="(Lbiz/gabrys/maven/plugins/css/splitter/css/type/StyleRule;I)Lbiz/gabrys/maven/plugins/css/splitter/split/SplitResult;" line="41"><counter type="INSTRUCTION" missed="0" covered="36"/><counter type="LINE" missed="0" covered="5"/><counter type="COMPLEXITY" missed="0" covered="1"/><counter type="METHOD" missed="0" covered="1"/></method><counter type="INSTRUCTION" missed="6" covered="46"/><counter type="LINE" missed="2" covered="9"/><counter type="COMPLEXITY" missed="1" covered="3"/><counter type="METHOD" missed="1" covered="3"/><counter type="CLASS" missed="0" covered="1"/></class><class name="biz/gabrys/maven/plugins/css/splitter/split/ComplexRuleSplitter"><method name="&lt;init&gt;" desc="()V" line="23"><counter type="INSTRUCTION" missed="12" covered="0"/><counter type="LINE" missed="2" covered="0"/><counter type="COMPLEXITY" missed="1" covered="0"/><counter type="METHOD" missed="1" covered="0"/></method><method name="&lt;init&gt;" desc="(Lbiz/gabrys/maven/plugins/css/splitter/split/RulesSplitter;Lbiz/gabrys/maven/plugins/css/splitter/split/NeighborsManager;)V" line="28"><counter type="INSTRUCTION" missed="0" covered="10"/><counter type="LINE" missed="0" covered="4"/><counter type="COMPLEXITY" missed="0" covered="1"/><counter type="METHOD" missed="0" covered="1"/></method><method name="isSplittable2" desc="(Lbiz/gabrys/maven/plugins/css/splitter/css/type/ComplexRule;)Z" line="35"><counter type="INSTRUCTION" missed="2" covered="0"/><counter type="LINE" missed="1" covered="0"/><counter type="COMPLEXITY" missed="1" covered="0"/><counter type="METHOD" missed="1" covered="0"/></method><method name="split2" desc="(Lbiz/gabrys/maven/plugins/css/splitter/css/type/ComplexRule;I)Lbiz/gabrys/maven/plugins/css/splitter/split/SplitResult;" line="40"><counter type="INSTRUCTION" missed="0" covered="39"/><counter type="LINE" missed="0" covered="5"/><counter type="COMPLEXITY" missed="0" covered="1"/><counter type="METHOD" missed="0" covered="1"/></method><counter type="INSTRUCTION" missed="14" covered="49"/><counter type="LINE" missed="3" covered="9"/><counter type="COMPLEXITY" missed="2" covered="2"/><counter type="METHOD" missed="2" covered="2"/><counter type="CLASS" missed="0" covered="1"/></class><class name="biz/gabrys/maven/plugins/css/splitter/split/AbstractRuleSplitter"><method name="&lt;init&gt;" desc="(Ljava/lang/Class;)V" line="21"><counter type="INSTRUCTION" missed="0" covered="6"/><counter type="LINE" missed="0" covered="3"/><counter type="COMPLEXITY" missed="0" covered="1"/><counter type="METHOD" missed="0" covered="1"/></method><method name="isSplittable" desc="(Lbiz/gabrys/maven/plugins/css/splitter/css/type/NodeRule;)Z" line="26"><counter type="INSTRUCTION" missed="0" covered="17"/><counter type="BRANCH" missed="1" covered="3"/><counter type="LINE" missed="0" covered="3"/><counter type="COMPLEXITY" missed="1" covered="2"/><counter type="METHOD" missed="0" covered="1"/></method><method name="split" desc="(Lbiz/gabrys/maven/plugins/css/splitter/css/type/NodeRule;I)Lbiz/gabrys/maven/plugins/css/splitter/split/SplitResult;" line="35"><counter type="INSTRUCTION" missed="0" covered="25"/><counter type="BRANCH" missed="0" covered="2"/><counter type="LINE" missed="0" covered="3"/><counter type="COMPLEXITY" missed="0" covered="2"/><counter type="METHOD" missed="0" covered="1"/></method><counter type="INSTRUCTION" missed="0" covered="48"/><counter type="BRANCH" missed="1" covered="5"/><counter type="LINE" missed="0" covered="9"/><counter type="COMPLEXITY" missed="1" covered="5"/><counter type="METHOD" missed="0" covered="3"/><counter type="CLASS" missed="0" covered="1"/></class><class name="biz/gabrys/maven/plugins/css/splitter/split/MultipleRuleSplitter"><method name="&lt;init&gt;" desc="(Ljava/util/List;)V" line="24"><counter type="INSTRUCTION" missed="0" covered="9"/><counter type="LINE" missed="0" covered="3"/><counter type="COMPLEXITY" missed="0" covered="1"/><counter type="METHOD" missed="0" covered="1"/></method><method name="isSplittable" desc="(Lbiz/gabrys/maven/plugins/css/splitter/css/type/NodeRule;)Z" line="29"><counter type="INSTRUCTION" missed="0" covered="20"/><counter type="BRANCH" missed="0" covered="4"/><counter type="LINE" missed="0" covered="5"/><counter type="COMPLEXITY" missed="0" covered="3"/><counter type="METHOD" missed="0" covered="1"/></method><method name="split" desc="(Lbiz/gabrys/maven/plugins/css/splitter/css/type/NodeRule;I)Lbiz/gabrys/maven/plugins/css/splitter/split/SplitResult;" line="38"><counter type="INSTRUCTION" missed="0" covered="33"/><counter type="BRANCH" missed="0" covered="4"/><counter type="LINE" missed="0" covered="5"/><counter type="COMPLEXITY" missed="0" covered="3"/><counter type="METHOD" missed="0" covered="1"/></method><counter type="INSTRUCTION" missed="0" covered="62"/><counter type="BRANCH" missed="0" covered="8"/><counter type="LINE" missed="0" covered="13"/><counter type="COMPLEXITY" missed="0" covered="7"/><counter type="METHOD" missed="0" covered="3"/><counter type="CLASS" missed="0" covered="1"/></class><class name="biz/gabrys/maven/plugins/css/splitter/split/RulesSplitter$ValueAndIndex"><method name="&lt;init&gt;" desc="(I)V" line="76"><counter type="INSTRUCTION" missed="0" covered="6"/><counter type="LINE" missed="0" covered="3"/><counter type="COMPLEXITY" missed="0" covered="1"/><counter type="METHOD" missed="0" covered="1"/></method><counter type="INSTRUCTION" missed="0" covered="6"/><counter type="LINE" missed="0" covered="3"/><counter type="COMPLEXITY" missed="0" covered="1"/><counter type="METHOD" missed="0" covered="1"/><counter type="CLASS" missed="0" covered="1"/></class><class name="biz/gabrys/maven/plugins/css/splitter/split/RulesSplitter"><method name="&lt;init&gt;" desc="(Lbiz/gabrys/maven/plugins/css/splitter/split/RuleSplitter;)V" line="23"><counter type="INSTRUCTION" missed="0" covered="6"/><counter type="LINE" missed="0" covered="3"/><counter type="COMPLEXITY" missed="0" covered="1"/><counter type="METHOD" missed="0" covered="1"/></method><method name="split" desc="(Ljava/util/List;I)Lbiz/gabrys/maven/plugins/css/splitter/split/RulesContainer;" line="28"><counter type="INSTRUCTION" missed="0" covered="27"/><counter type="BRANCH" missed="0" covered="2"/><counter type="LINE" missed="0" covered="7"/><counter type="COMPLEXITY" missed="0" covered="2"/><counter type="METHOD" missed="0" covered="1"/></method><method name="processBeforeSplitPoint" desc="(Ljava/util/List;Lbiz/gabrys/maven/plugins/css/splitter/split/RulesContainer;Lbiz/gabrys/maven/plugins/css/splitter/split/RulesSplitter$ValueAndIndex;)V" line="39"><counter type="INSTRUCTION" missed="0" covered="40"/><counter type="BRANCH" missed="0" covered="4"/><counter type="LINE" missed="0" covered="12"/><counter type="COMPLEXITY" missed="0" covered="3"/><counter type="METHOD" missed="0" covered="1"/></method><method name="processSplitPoint" desc="(Ljava/util/List;Lbiz/gabrys/maven/plugins/css/splitter/split/RulesContainer;Lbiz/gabrys/maven/plugins/css/splitter/split/RulesSplitter$ValueAndIndex;)V" line="54"><counter type="INSTRUCTION" missed="0" covered="40"/><counter type="BRANCH" missed="0" covered="2"/><counter type="LINE" missed="0" covered="9"/><counter type="COMPLEXITY" missed="0" covered="2"/><counter type="METHOD" missed="0" covered="1"/></method><method name="processAfterSplitPoint" desc="(Ljava/util/List;Lbiz/gabrys/maven/plugins/css/splitter/split/RulesContainer;Lbiz/gabrys/maven/plugins/css/splitter/split/RulesSplitter$ValueAndIndex;)V" line="66"><counter type="INSTRUCTION" missed="0" covered="16"/><counter type="BRANCH" missed="0" covered="2"/><counter type="LINE" missed="0" covered="3"/><counter type="COMPLEXITY" missed="0" covered="2"/><counter type="METHOD" missed="0" covered="1"/></method><counter type="INSTRUCTION" missed="0" covered="129"/><counter type="BRANCH" missed="0" covered="10"/><counter type="LINE" missed="0" covered="34"/><counter type="COMPLEXITY" missed="0" covered="10"/><counter type="METHOD" missed="0" covered="5"/><counter type="CLASS" missed="0" covered="1"/></class><class name="biz/gabrys/maven/plugins/css/splitter/split/RulesContainer"><method name="&lt;init&gt;" desc="()V" line="22"><counter type="INSTRUCTION" missed="0" covered="13"/><counter type="LINE" missed="0" covered="4"/><counter type="COMPLEXITY" missed="0" covered="1"/><counter type="METHOD" missed="0" covered="1"/></method><method name="&lt;init&gt;" desc="(Ljava/util/List;Ljava/util/List;)V" line="22"><counter type="INSTRUCTION" missed="0" covered="23"/><counter type="LINE" missed="0" covered="6"/><counter type="COMPLEXITY" missed="0" covered="1"/><counter type="METHOD" missed="0" covered="1"/></method><counter type="INSTRUCTION" missed="0" covered="36"/><counter type="LINE" missed="0" covered="8"/><counter type="COMPLEXITY" missed="0" covered="2"/><counter type="METHOD" missed="0" covered="2"/><counter type="CLASS" missed="0" covered="1"/></class><class name="biz/gabrys/maven/plugins/css/splitter/split/SplitResult"><method name="&lt;init&gt;" desc="(Lbiz/gabrys/maven/plugins/css/splitter/css/type/NodeRule;Lbiz/gabrys/maven/plugins/css/splitter/css/type/NodeRule;)V" line="22"><counter type="INSTRUCTION" missed="0" covered="9"/><counter type="LINE" missed="0" covered="4"/><counter type="COMPLEXITY" missed="0" covered="1"/><counter type="METHOD" missed="0" covered="1"/></method><method name="getBefore" desc="()Lbiz/gabrys/maven/plugins/css/splitter/css/type/NodeRule;" line="28"><counter type="INSTRUCTION" missed="0" covered="3"/><counter type="LINE" missed="0" covered="1"/><counter type="COMPLEXITY" missed="0" covered="1"/><counter type="METHOD" missed="0" covered="1"/></method><method name="getAfter" desc="()Lbiz/gabrys/maven/plugins/css/splitter/css/type/NodeRule;" line="32"><counter type="INSTRUCTION" missed="0" covered="3"/><counter type="LINE" missed="0" covered="1"/><counter type="COMPLEXITY" missed="0" covered="1"/><counter type="METHOD" missed="0" covered="1"/></method><counter type="INSTRUCTION" missed="0" covered="15"/><counter type="LINE" missed="0" covered="6"/><counter type="COMPLEXITY" missed="0" covered="3"/><counter type="METHOD" missed="0" covered="3"/><counter type="CLASS" missed="0" covered="1"/></class><class name="biz/gabrys/maven/plugins/css/splitter/split/StyleSheetSplliter"><method name="&lt;init&gt;" desc="(I)V" line="28"><counter type="INSTRUCTION" missed="31" covered="0"/><counter type="LINE" missed="7" covered="0"/><counter type="COMPLEXITY" missed="1" covered="0"/><counter type="METHOD" missed="1" covered="0"/></method><method name="&lt;init&gt;" desc="(ILbiz/gabrys/maven/plugins/css/splitter/split/RulesSplitter;)V" line="38"><counter type="INSTRUCTION" missed="0" covered="9"/><counter type="LINE" missed="0" covered="4"/><counter type="COMPLEXITY" missed="0" covered="1"/><counter type="METHOD" missed="0" covered="1"/></method><method name="split" desc="(Lbiz/gabrys/maven/plugins/css/splitter/css/type/StyleSheet;)Ljava/util/List;" line="44"><counter type="INSTRUCTION" missed="0" covered="19"/><counter type="BRANCH" missed="0" covered="2"/><counter type="LINE" missed="0" covered="4"/><counter type="COMPLEXITY" missed="0" covered="2"/><counter type="METHOD" missed="0" covered="1"/></method><method name="splitToMatrix" desc="(Lbiz/gabrys/maven/plugins/css/splitter/css/type/StyleSheet;)Ljava/util/List;" line="52"><counter type="INSTRUCTION" missed="0" covered="28"/><counter type="BRANCH" missed="0" covered="2"/><counter type="LINE" missed="0" covered="8"/><counter type="COMPLEXITY" missed="0" covered="2"/><counter type="METHOD" missed="0" covered="1"/></method><method name="convertToSheets" desc="(Ljava/util/List;)Ljava/util/List;" line="63"><counter type="INSTRUCTION" missed="0" covered="26"/><counter type="BRANCH" missed="0" covered="2"/><counter type="LINE" missed="0" covered="5"/><counter type="COMPLEXITY" missed="0" covered="2"/><counter type="METHOD" missed="0" covered="1"/></method><counter type="INSTRUCTION" missed="31" covered="82"/><counter type="BRANCH" missed="0" covered="6"/><counter type="LINE" missed="7" covered="21"/><counter type="COMPLEXITY" missed="1" covered="7"/><counter type="METHOD" missed="1" covered="4"/><counter type="CLASS" missed="0" covered="1"/></class><sourcefile name="RulesContainer.java"><line nr="22" mi="0" ci="10" mb="0" cb="0"/><line nr="23" mi="0" ci="10" mb="0" cb="0"/><line nr="25" mi="0" ci="2" mb="0" cb="0"/><line nr="27" mi="0" ci="1" mb="0" cb="0"/><line nr="30" mi="0" ci="2" mb="0" cb="0"/><line nr="31" mi="0" ci="5" mb="0" cb="0"/><line nr="32" mi="0" ci="5" mb="0" cb="0"/><line nr="33" mi="0" ci="1" mb="0" cb="0"/><counter type="INSTRUCTION" missed="0" covered="36"/><counter type="LINE" missed="0" covered="8"/><counter type="COMPLEXITY" missed="0" covered="2"/><counter type="METHOD" missed="0" covered="2"/><counter type="CLASS" missed="0" covered="1"/></sourcefile><sourcefile name="ComplexRuleSplitter.java"><line nr="23" mi="11" ci="0" mb="0" cb="0"/><line nr="24" mi="1" ci="0" mb="0" cb="0"/><line nr="28" mi="0" ci="3" mb="0" cb="0"/><line nr="29" mi="0" ci="3" mb="0" cb="0"/><line nr="30" mi="0" ci="3" mb="0" cb="0"/><line nr="31" mi="0" ci="1" mb="0" cb="0"/><line nr="35" mi="2" ci="0" mb="0" cb="0"/><line nr="40" mi="0" ci="7" mb="0" cb="0"/><line nr="41" mi="0" ci="10" mb="0" cb="0"/><line nr="42" mi="0" ci="10" mb="0" cb="0"/><line nr="43" mi="0" ci="6" mb="0" cb="0"/><line nr="44" mi="0" ci="6" mb="0" cb="0"/><counter type="INSTRUCTION" missed="14" covered="49"/><counter type="LINE" missed="3" covered="9"/><counter type="COMPLEXITY" missed="2" covered="2"/><counter type="METHOD" missed="2" covered="2"/><counter type="CLASS" missed="0" covered="1"/></sourcefile><sourcefile name="NeighborsManager.java"><line nr="17" mi="0" ci="3" mb="0" cb="0"/><line nr="20" mi="0" ci="4" mb="0" cb="0"/><line nr="21" mi="0" ci="3" mb="0" cb="0"/><line nr="22" mi="0" ci="3" mb="0" cb="0"/><line nr="24" mi="0" ci="4" mb="0" cb="0"/><line nr="25" mi="0" ci="3" mb="0" cb="0"/><line nr="26" mi="0" ci="2" mb="0" cb="2"/><line nr="27" mi="0" ci="3" mb="0" cb="0"/><line nr="30" mi="0" ci="3" mb="0" cb="0"/><line nr="31" mi="0" ci="3" mb="0" cb="0"/><line nr="33" mi="0" ci="4" mb="0" cb="0"/><line nr="34" mi="0" ci="3" mb="0" c
[...]
ine nr="20" mi="0" ci="2" mb="0" cb="0"/><line nr="21" mi="0" ci="3" mb="0" cb="0"/><line nr="22" mi="0" ci="3" mb="0" cb="0"/><line nr="23" mi="0" ci="1" mb="0" cb="0"/><line nr="26" mi="0" ci="3" mb="0" cb="0"/><line nr="30" mi="0" ci="3" mb="0" cb="0"/><line nr="34" mi="0" ci="15" mb="0" cb="0"/><line nr="39" mi="10" ci="0" mb="0" cb="0"/><counter type="INSTRUCTION" missed="10" covered="30"/><counter type="LINE" missed="1" covered="7"/><counter type="COMPLEXITY" missed="1" covered="4"/><counter type="METHOD" missed="1" covered="4"/><counter type="CLASS" missed="0" covered="1"/></sourcefile><sourcefile name="StyleSheet.java"><line nr="23" mi="0" ci="2" mb="0" cb="0"/><line nr="24" mi="0" ci="3" mb="0" cb="0"/><line nr="25" mi="0" ci="6" mb="0" cb="0"/><line nr="26" mi="0" ci="1" mb="0" cb="0"/><line nr="29" mi="0" ci="6" mb="0" cb="0"/><line nr="34" mi="0" ci="4" mb="0" cb="0"/><line nr="35" mi="0" ci="11" mb="0" cb="2"/><line nr="36" mi="0" ci="4" mb="0" cb="0"/><line nr="37" mi="0" ci="1" mb="0" cb="0"/><line nr="38" mi="0" ci="3" mb="0" cb="0"/><line nr="42" mi="0" ci="3" mb="1" cb="1"/><line nr="43" mi="0" ci="4" mb="0" cb="0"/><line nr="44" mi="0" ci="11" mb="0" cb="2"/><line nr="45" mi="0" ci="9" mb="0" cb="0"/><line nr="46" mi="0" ci="1" mb="0" cb="0"/><line nr="48" mi="0" ci="4" mb="0" cb="0"/><counter type="INSTRUCTION" missed="0" covered="73"/><counter type="BRANCH" missed="1" covered="5"/><counter type="LINE" missed="0" covered="16"/><counter type="COMPLEXITY" missed="1" covered="6"/><counter type="METHOD" missed="0" covered="4"/><counter type="CLASS" missed="0" covered="1"/></sourcefile><counter type="INSTRUCTION" missed="43" covered="594"/><counter type="BRANCH" missed="5" covered="37"/><counter type="LINE" missed="9" covered="131"/><counter type="COMPLEXITY" missed="11" covered="57"/><counter type="METHOD" missed="6" covered="41"/><counter type="CLASS" missed="0" covered="10"/></package><package name="biz/gabrys/maven/plugins/css/splitter/compressor"><class name="biz/gabrys/maven/plugins/css/splitter/compressor/InitializationException"><method name="&lt;init&gt;" desc="(Ljava/lang/Throwable;)V" line="20"><counter type="INSTRUCTION" missed="4" covered="0"/><counter type="LINE" missed="2" covered="0"/><counter type="COMPLEXITY" missed="1" covered="0"/><counter type="METHOD" missed="1" covered="0"/></method><counter type="INSTRUCTION" missed="4" covered="0"/><counter type="LINE" missed="2" covered="0"/><counter type="COMPLEXITY" missed="1" covered="0"/><counter type="METHOD" missed="1" covered="0"/><counter type="CLASS" missed="1" covered="0"/></class><class name="biz/gabrys/maven/plugins/css/splitter/compressor/CompressionException"><method name="&lt;init&gt;" desc="(Ljava/lang/Throwable;)V" line="20"><counter type="INSTRUCTION" missed="4" covered="0"/><counter type="LINE" missed="2" covered="0"/><counter type="COMPLEXITY" missed="1" covered="0"/><counter type="METHOD" missed="1" covered="0"/></method><counter type="INSTRUCTION" missed="4" covered="0"/><counter type="LINE" missed="2" covered="0"/><counter type="COMPLEXITY" missed="1" covered="0"/><counter type="METHOD" missed="1" covered="0"/><counter type="CLASS" missed="1" covered="0"/></class><class name="biz/gabrys/maven/plugins/css/splitter/compressor/CodeCompressor"><method name="&lt;init&gt;" desc="(I)V" line="25"><counter type="INSTRUCTION" missed="0" covered="6"/><counter type="LINE" missed="0" covered="3"/><counter type="COMPLEXITY" missed="0" covered="1"/><counter type="METHOD" missed="0" covered="1"/></method><method name="compress" desc="(Ljava/lang/String;)Ljava/lang/String;" line="32"><counter type="INSTRUCTION" missed="12" covered="22"/><counter type="LINE" missed="4" covered="6"/><counter type="COMPLEXITY" missed="0" covered="1"/><counter type="METHOD" missed="0" covered="1"/></method><counter type="INSTRUCTION" missed="12" covered="28"/><counter type="LINE" missed="4" covered="9"/><counter type="COMPLEXITY" missed="0" covered="2"/><counter type="METHOD" missed="0" covered="2"/><counter type="CLASS" missed="0" covered="1"/></class><sourcefile name="CodeCompressor.java"><line nr="25" mi="0" ci="2" mb="0" cb="0"/><line nr="26" mi="0" ci="3" mb="0" cb="0"/><line nr="27" mi="0" ci="1" mb="0" cb="0"/><line nr="32" mi="0" ci="8" mb="0" cb="0"/><line nr="33" mi="1" ci="0" mb="0" cb="0"/><line nr="34" mi="5" ci="0" mb="0" cb="0"/><line nr="35" mi="0" ci="1" mb="0" cb="0"/><line nr="36" mi="0" ci="4" mb="0" cb="0"/><line nr="38" mi="0" ci="5" mb="0" cb="0"/><line nr="39" mi="1" ci="0" mb="0" cb="0"/><line nr="40" mi="5" ci="0" mb="0" cb="0"/><line nr="41" mi="0" ci="1" mb="0" cb="0"/><line nr="42" mi="0" ci="3" mb="0" cb="0"/><counter type="INSTRUCTION" missed="12" covered="28"/><counter type="LINE" missed="4" covered="9"/><counter type="COMPLEXITY" missed="0" covered="2"/><counter type="METHOD" missed="0" covered="2"/><counter type="CLASS" missed="0" covered="1"/></sourcefile><sourcefile name="InitializationException.java"><line nr="20" mi="3" ci="0" mb="0" cb="0"/><line nr="21" mi="1" ci="0" mb="0" cb="0"/><counter type="INSTRUCTION" missed="4" covered="0"/><counter type="LINE" missed="2" covered="0"/><counter type="COMPLEXITY" missed="1" covered="0"/><counter type="METHOD" missed="1" covered="0"/><counter type="CLASS" missed="1" covered="0"/></sourcefile><sourcefile name="CompressionException.java"><line nr="20" mi="3" ci="0" mb="0" cb="0"/><line nr="21" mi="1" ci="0" mb="0" cb="0"/><counter type="INSTRUCTION" missed="4" covered="0"/><counter type="LINE" missed="2" covered="0"/><counter type="COMPLEXITY" missed="1" covered="0"/><counter type="METHOD" missed="1" covered="0"/><counter type="CLASS" missed="1" covered="0"/></sourcefile><counter type="INSTRUCTION" missed="20" covered="28"/><counter type="LINE" missed="8" covered="9"/><counter type="COMPLEXITY" missed="2" covered="2"/><counter type="METHOD" missed="2" covered="2"/><counter type="CLASS" missed="2" covered="1"/></package><package name="biz/gabrys/maven/plugins/css/splitter/validation"><class name="biz/gabrys/maven/plugins/css/splitter/validation/StylePropertiesLimitValidator"><method name="&lt;init&gt;" desc="(I)V" line="28"><counter type="INSTRUCTION" missed="25" covered="0"/><counter type="LINE" missed="2" covered="0"/><counter type="COMPLEXITY" missed="1" covered="0"/><counter type="METHOD" missed="1" covered="0"/></method><method name="&lt;init&gt;" desc="(Ljava/util/List;I)V" line="33"><counter type="INSTRUCTION" missed="0" covered="12"/><counter type="LINE" missed="0" covered="4"/><counter type="COMPLEXITY" missed="0" covered="1"/><counter type="METHOD" missed="0" covered="1"/></method><method name="validate" desc="(Lbiz/gabrys/maven/plugins/css/splitter/css/type/StyleSheet;)V" line="39"><counter type="INSTRUCTION" missed="0" covered="16"/><counter type="BRANCH" missed="0" covered="2"/><counter type="LINE" missed="0" covered="4"/><counter type="COMPLEXITY" missed="0" covered="2"/><counter type="METHOD" missed="0" covered="1"/></method><method name="validate" desc="(Lbiz/gabrys/maven/plugins/css/splitter/css/type/NodeRule;)V" line="45"><counter type="INSTRUCTION" missed="0" covered="23"/><counter type="BRANCH" missed="0" covered="4"/><counter type="LINE" missed="0" covered="6"/><counter type="COMPLEXITY" missed="0" covered="3"/><counter type="METHOD" missed="0" covered="1"/></method><counter type="INSTRUCTION" missed="25" covered="51"/><counter type="BRANCH" missed="0" covered="6"/><counter type="LINE" missed="2" covered="14"/><counter type="COMPLEXITY" missed="1" covered="6"/><counter type="METHOD" missed="1" covered="3"/><counter type="CLASS" missed="0" covered="1"/></class><class name="biz/gabrys/maven/plugins/css/splitter/validation/AbstractRulePropertiesLimitValidator"><method name="&lt;init&gt;" desc="(Ljava/lang/Class;)V" line="21"><counter type="INSTRUCTION" missed="0" covered="6"/><counter type="LINE" missed="0" covered="3"/><counter type="COMPLEXITY" missed="0" covered="1"/><counter type="METHOD" missed="0" covered="1"/></method><method name="isSupportedType" desc="(Lbiz/gabrys/maven/plugins/css/splitter/css/type/NodeRule;)Z" line="26"><counter type="INSTRUCTION" missed="0" covered="11"/><counter type="BRANCH" missed="0" covered="4"/><counter type="LINE" missed="0" covered="1"/><counter type="COMPLEXITY" missed="0" covered="3"/><counter type="METHOD" missed="0" covered="1"/></method><method name="validate" desc="(Lbiz/gabrys/maven/plugins/css/splitter/css/type/NodeRule;I)V" line="30"><counter type="INSTRUCTION" missed="2" covered="35"/><counter type="BRANCH" missed="1" covered="3"/><counter type="LINE" missed="0" covered="5"/><counter type="COMPLEXITY" missed="1" covered="2"/><counter type="METHOD" missed="0" covered="1"/></method><method name="throwException" desc="(IILjava/lang/String;)V" line="40"><counter type="INSTRUCTION" missed="0" covered="22"/><counter type="LINE" missed="0" covered="3"/><counter type="COMPLEXITY" missed="0" covered="1"/><counter type="METHOD" missed="0" covered="1"/></method><counter type="INSTRUCTION" missed="2" covered="74"/><counter type="BRANCH" missed="1" covered="7"/><counter type="LINE" missed="0" covered="12"/><counter type="COMPLEXITY" missed="1" covered="7"/><counter type="METHOD" missed="0" covered="4"/><counter type="CLASS" missed="0" covered="1"/></class><class name="biz/gabrys/maven/plugins/css/splitter/validation/UnknownRulePropertiesLimitValidator"><method name="&lt;init&gt;" desc="()V" line="20"><counter type="INSTRUCTION" missed="0" covered="4"/><counter type="LINE" missed="0" covered="2"/><counter type="COMPLEXITY" missed="0" covered="1"/><counter type="METHOD" missed="0" covered="1"/></method><method name="validate2" desc="(Lbiz/gabrys/maven/plugins/css/splitter/css/type/UnknownRule;I)V" line="25"><counter type="INSTRUCTION" missed="6" covered="7"/><counter type="BRANCH" missed="0" covered="2"/><counter type="LINE" missed="1" covered="3"/><counter type="COMPLEXITY" missed="0" covered="2"/><counter type="METHOD" missed="0" covered="1"/></method><counter type="INSTRUCTION" missed="6" covered="11"/><counter type="BRANCH" missed="0" covered="2"/><counter type="LINE" missed="1" covered="5"/><counter type="COMPLEXITY" missed="0" covered="3"/><counter type="METHOD" missed="0" covered="2"/><counter type="CLASS" missed="0" covered="1"/></class><class name="biz/gabrys/maven/plugins/css/splitter/validation/StyleRulePropertiesLimitValidator"><method name="&lt;init&gt;" desc="()V" line="20"><counter type="INSTRUCTION" missed="0" covered="4"/><counter type="LINE" missed="0" covered="2"/><counter type="COMPLEXITY" missed="0" covered="1"/><counter type="METHOD" missed="0" covered="1"/></method><method name="validate2" desc="(Lbiz/gabrys/maven/plugins/css/splitter/css/type/StyleRule;I)V" line="25"><counter type="INSTRUCTION" missed="6" covered="11"/><counter type="BRANCH" missed="0" covered="4"/><counter type="LINE" missed="1" covered="5"/><counter type="COMPLEXITY" missed="0" covered="3"/><counter type="METHOD" missed="0" covered="1"/></method><counter type="INSTRUCTION" missed="6" covered="15"/><counter type="BRANCH" missed="0" covered="4"/><counter type="LINE" missed="1" covered="7"/><counter type="COMPLEXITY" missed="0" covered="4"/><counter type="METHOD" missed="0" covered="2"/><counter type="CLASS" missed="0" covered="1"/></class><class name="biz/gabrys/maven/plugins/css/splitter/validation/ComplexRulePropertiesLimitValidator"><method name="&lt;init&gt;" desc="()V" line="27"><counter type="INSTRUCTION" missed="18" covered="0"/><counter type="LINE" missed="2" covered="0"/><counter type="COMPLEXITY" missed="1" covered="0"/><counter type="METHOD" missed="1" covered="0"/></method><method name="&lt;init&gt;" desc="(Ljava/util/List;)V" line="33"><counter type="INSTRUCTION" missed="0" covered="10"/><counter type="LINE" missed="0" covered="3"/><counter type="COMPLEXITY" missed="0" covered="1"/><counter type="METHOD" missed="0" covered="1"/></method><method name="validate2" desc="(Lbiz/gabrys/maven/plugins/css/splitter/css/type/ComplexRule;I)V" line="39"><counter type="INSTRUCTION" missed="0" covered="33"/><counter type="BRANCH" missed="0" covered="6"/><counter type="LINE" missed="0" covered="7"/><counter type="COMPLEXITY" missed="0" covered="4"/><counter type="METHOD" missed="0" covered="1"/></method><counter type="INSTRUCTION" missed="18" covered="43"/><counter type="BRANCH" missed="0" covered="6"/><counter type="LINE" missed="2" covered="10"/><counter type="COMPLEXITY" missed="1" covered="5"/><counter type="METHOD" missed="1" covered="2"/><counter type="CLASS" missed="0" covered="1"/></class><class name="biz/gabrys/maven/plugins/css/splitter/validation/ValidationException"><method name="&lt;init&gt;" desc="(Ljava/lang/String;)V" line="20"><counter type="INSTRUCTION" missed="0" covered="4"/><counter type="LINE" missed="0" covered="2"/><counter type="COMPLEXITY" missed="0" covered="1"/><counter type="METHOD" missed="0" covered="1"/></method><counter type="INSTRUCTION" missed="0" covered="4"/><counter type="LINE" missed="0" covered="2"/><counter type="COMPLEXITY" missed="0" covered="1"/><counter type="METHOD" missed="0" covered="1"/><counter type="CLASS" missed="0" covered="1"/></class><class name="biz/gabrys/maven/plugins/css/splitter/validation/RulesLimitValidator"><method name="&lt;init&gt;" desc="(I)V" line="21"><counter type="INSTRUCTION" missed="0" covered="6"/><counter type="LINE" missed="0" covered="3"/><counter type="COMPLEXITY" missed="0" covered="1"/><counter type="METHOD" missed="0" covered="1"/></method><method name="validate" desc="(Lbiz/gabrys/maven/plugins/css/splitter/css/type/StyleSheet;)V" line="26"><counter type="INSTRUCTION" missed="0" covered="27"/><counter type="BRANCH" missed="0" covered="2"/><counter type="LINE" missed="0" covered="4"/><counter type="COMPLEXITY" missed="0" covered="2"/><counter type="METHOD" missed="0" covered="1"/></method><counter type="INSTRUCTION" missed="0" covered="33"/><counter type="BRANCH" missed="0" covered="2"/><counter type="LINE" missed="0" covered="7"/><counter type="COMPLEXITY" missed="0" covered="3"/><counter type="METHOD" missed="0" covered="2"/><counter type="CLASS" missed="0" covered="1"/></class><sourcefile name="ValidationException.java"><line nr="20" mi="0" ci="3" mb="0" cb="0"/><line nr="21" mi="0" ci="1" mb="0" cb="0"/><counter type="INSTRUCTION" missed="0" covered="4"/><counter type="LINE" missed="0" covered="2"/><counter type="COMPLEXITY" missed="0" covered="1"/><counter type="METHOD" missed="0" covered="1"/><counter type="CLASS" missed="0" covered="1"/></sourcefile><sourcefile name="StylePropertiesLimitValidator.java"><line nr="28" mi="24" ci="0" mb="0" cb="0"/><line nr="30" mi="1" ci="0" mb="0" cb="0"/><line nr="33" mi="0" ci="2" mb="0" cb="0"/><line nr="34" mi="0" ci="6" mb="0" cb="0"/><line nr="35" mi="0" ci="3" mb="0" cb="0"/><line nr="36" mi="0" ci="1" mb="0" cb="0"/><line nr="39" mi="0" ci="11" mb="0" cb="2"/><line nr="40" mi="0" ci="3" mb="0" cb="0"/><line nr="41" mi="0" ci="1" mb="0" cb="0"/><line nr="42" mi="0" ci="1" mb="0" cb="0"/><line nr="45" mi="0" ci="11" mb="0" cb="2"/><line nr="46" mi="0" ci="4" mb="0" cb="2"/><line nr="47" mi="0" ci="5" mb="0" cb="0"/><line nr="48" mi="0" ci="1" mb="0" cb="0"/><line nr="50" mi="0" ci="1" mb="0" cb="0"/><line nr="51" mi="0" ci="1" mb="0" cb="0"/><counter type="INSTRUCTION" missed="25" covered="51"/><counter type="BRANCH" missed="0" covered="6"/><counter type="LINE" missed="2" covered="14"/><counter type="COMPLEXITY" missed="1" covered="6"/><counter type="METHOD" missed="1" covered="3"/><counter type="CLASS" missed="0" covered="1"/></sourcefile><sourcefile name="RulesLimitValidator.java"><line nr="21" mi="0" ci="2" mb="0" cb="0"/><line nr="22" mi="0" ci="3" mb="0" cb="0"/><line nr="23" mi="0" ci="1" mb="0" cb="0"/><line nr="26" mi="0" ci="3" mb="0" cb="0"/><line nr="27" mi="0" ci="4" mb="0" cb="2"/><line nr="28" mi="0" ci="19" mb="0" cb="0"/><line nr="30" mi="0" ci="1" mb="0" cb="0"/><counter type="INSTRUCTION" missed="0" covered="33"/><counter type="BRANCH" missed="0" covered="2"/><counter type="LINE" missed="0" covered="7"/><counter type="COMPLEXITY" missed="0" covered="3"/><counter type="METHOD" missed="0" covered="2"/><counter type="CLASS" missed="0" covered="1"/></sourcefile><sourcefile name="AbstractRulePropertiesLimitValidator.java"><line nr="21" mi="0" ci="2" mb="0" cb="0"/><line nr="22" mi="0" ci="3" mb="0" cb="0"/><line nr="23" mi="0" ci="1" mb="0" cb="0"/><line nr="26" mi="0" ci="11" mb="0" cb="4"/><line nr="30" mi="0" ci="4" mb="0" cb="2"/><line nr="31" mi="2" ci="13" mb="1" cb="1"/><line nr="32" mi="0" ci="9" mb="0" cb="0"/><line nr="34" mi="0" ci="8" mb="0" cb="0"/><line nr="35" mi="0" ci="1" mb="0" cb="0"/><line nr="40" mi="0" ci="8" mb="0" cb="0"/><line nr="41" mi="0" ci="3" mb="0" cb="0"/><line nr="42" mi="0" ci="11" mb="0" cb="0"/><counter type="INSTRUCTION" missed="2" covered="74"/><counter type="BRANCH" missed="1" covered="7"/><counter type="LINE" missed="0" covered="12"/><counter type="COMPLEXITY" missed="1" covered="7"/><counter type="METHOD" missed="0" covered="4"/><counter type="CLASS" missed="0" covered="1"/></sourcefile><sourcefile name="StyleRulePropertiesLimitValidator.java"><line nr="20" mi="0" ci="3" mb="0" cb="0"/><line nr="21" mi="0" ci="1" mb="0" cb="0"/><line nr="25" mi="0" ci="3" mb="0" cb="2"/><line nr="26" mi="0" ci="1" mb="0" cb="0"/><line nr="28" mi="0" ci="3" mb="0" cb="0"/><line nr="29" mi="0" ci="3" mb="0" cb="2"/><line nr="30" mi="6" ci="0" mb="0" cb="0"/><line nr="32" mi="0" ci="1" mb="0" cb="0"/><counter type="INSTRUCTION" missed="6" covered="15"/><counter type="BRANCH" missed="0" covered="4"/><counter type="LINE" missed="1" covered="7"/><counter type="COMPLEXITY" missed="0" covered="4"/><counter type="METHOD" missed="0" covered="2"/><counter type="CLASS" missed="0" covered="1"/></sourcefile><sourcefile name="ComplexRulePropertiesLimitValidator.java"><line nr="27" mi="17" ci="0" mb="0" cb="0"/><line nr="29" mi="1" ci="0" mb="0" cb="0"/><line nr="33" mi="0" ci="3" mb="0" cb="0"/><line nr="34" mi="0" ci="6" mb="0" cb="0"/><line nr="35" mi="0" ci="1" mb="0" cb="0"/><line nr="39" mi="0" ci="11" mb="0" cb="2"/><line nr="40" mi="0" ci="11" mb="0" cb="2"/><line nr="41" mi="0" ci="4" mb="0" cb="2"/><line nr="42" mi="0" ci="4" mb="0" cb="0"/><line nr="44" mi="0" ci="1" mb="0" cb="0"/><line nr="45" mi="0" ci="1" mb="0" cb="0"/><line nr="46" mi="0" ci="1" mb="0" cb="0"/><counter type="INSTRUCTION" missed="18" covered="43"/><counter type="BRANCH" missed="0" covered="6"/><counter type="LINE" missed="2" covered="10"/><counter type="COMPLEXITY" missed="1" covered="5"/><counter type="METHOD" missed="1" covered="2"/><counter type="CLASS" missed="0" covered="1"/></sourcefile><sourcefile name="UnknownRulePropertiesLimitValidator.java"><line nr="20" mi="0" ci="3" mb="0" cb="0"/><line nr="21" mi="0" ci="1" mb="0" cb="0"/><line nr="25" mi="0" ci="3" mb="0" cb="0"/><line nr="26" mi="0" ci="3" mb="0" cb="2"/><line nr="27" mi="6" ci="0" mb="0" cb="0"/><line nr="29" mi="0" ci="1" mb="0" cb="0"/><counter type="INSTRUCTION" missed="6" covered="11"/><counter type="BRANCH" missed="0" covered="2"/><counter type="LINE" missed="1" covered="5"/><counter type="COMPLEXITY" missed="0" covered="3"/><counter type="METHOD" missed="0" covered="2"/><counter type="CLASS" missed="0" covered="1"/></sourcefile><counter type="INSTRUCTION" missed="57" covered="231"/><counter type="BRANCH" missed="1" covered="27"/><counter type="LINE" missed="6" covered="57"/><counter type="COMPLEXITY" missed="3" covered="29"/><counter type="METHOD" missed="2" covered="16"/><counter type="CLASS" missed="0" covered="7"/></package><counter type="INSTRUCTION" missed="1532" covered="3012"/><counter type="BRANCH" missed="134" covered="229"/><counter type="LINE" missed="282" covered="672"/><counter type="COMPLEXITY" missed="125" covered="293"/><counter type="METHOD" missed="53" covered="183"/><counter type="CLASS" missed="5" covered="59"/></report>