GROUP,PACKAGE,CLASS,INSTRUCTION_MISSED,INSTRUCTION_COVERED,BRANCH_MISSED,BRANCH_COVERED,LINE_MISSED,LINE_COVERED,COMPLEXITY_MISSED,COMPLEXITY_COVERED,METHOD_MISSED,METHOD_COVERED
CSS Splitter Maven Plugin,biz.gabrys.maven.plugins.css.splitter.tree,OrderedTree.LeafWithDistance,9,0,0,0,4,0,1,0,1,0
CSS Splitter Maven Plugin,biz.gabrys.maven.plugins.css.splitter.tree,OrderedTree,420,0,52,0,92,0,43,0,17,0
CSS Splitter Maven Plugin,biz.gabrys.maven.plugins.css.splitter.css,Standard,99,0,4,0,11,0,7,0,5,0
CSS Splitter Maven Plugin,biz.gabrys.maven.plugins.css.splitter,SplitMojo.new ValueSanitizer() {...},27,0,4,0,7,0,5,0,3,0
CSS Splitter Maven Plugin,biz.gabrys.maven.plugins.css.splitter,SplitMojo.new LazySimpleSanitizer.ValueContainer() {...},10,0,0,0,3,0,2,0,2,0
CSS Splitter Maven Plugin,biz.gabrys.maven.plugins.css.splitter,SplitMojo,1242,0,132,0,220,0,91,0,25,0
CSS Splitter Maven Plugin,biz.gabrys.maven.plugins.css.splitter.token,TokenType,105,0,7,0,11,0,8,0,4,0
CSS Splitter Maven Plugin,biz.gabrys.maven.plugins.css.splitter.token,DateTokenValueFactory,18,0,0,0,4,0,3,0,3,0
CSS Splitter Maven Plugin,biz.gabrys.maven.plugins.css.splitter.token,CustomValueTokenFactory,5,0,0,0,2,0,2,0,2,0
CSS Splitter Maven Plugin,biz.gabrys.maven.plugins.css.splitter.steadystate.converter,AbstractRuleConverter,34,0,6,0,7,0,6,0,3,0
CSS Splitter Maven Plugin,biz.gabrys.maven.plugins.css.splitter.steadystate.converter,ImportRuleConverter,21,0,0,0,6,0,3,0,3,0
CSS Splitter Maven Plugin,biz.gabrys.maven.plugins.css.splitter.steadystate.converter,StylePropertyConverter,25,0,0,0,6,0,3,0,3,0
CSS Splitter Maven Plugin,biz.gabrys.maven.plugins.css.splitter.steadystate.converter,CharsetRuleConverter,21,0,0,0,6,0,3,0,3,0
CSS Splitter Maven Plugin,biz.gabrys.maven.plugins.css.splitter.steadystate.converter,UnsupportedRuleException,31,0,0,0,5,0,2,0,2,0
CSS Splitter Maven Plugin,biz.gabrys.maven.plugins.css.splitter.steadystate.converter,StyleRuleConverter,77,0,4,0,15,0,5,0,3,0
CSS Splitter Maven Plugin,biz.gabrys.maven.plugins.css.splitter.steadystate.converter,StyleSheetConverter,107,0,4,0,23,0,6,0,4,0
CSS Splitter Maven Plugin,biz.gabrys.maven.plugins.css.splitter.steadystate.converter,UnknownRuleConverter,21,0,0,0,6,0,3,0,3,0
CSS Splitter Maven Plugin,biz.gabrys.maven.plugins.css.splitter.steadystate.converter,MediaRuleConverter,126,0,12,0,27,0,10,0,4,0
CSS Splitter Maven Plugin,biz.gabrys.maven.plugins.css.splitter.steadystate.converter,FontFaceRuleConverter,53,0,2,0,10,0,4,0,3,0
CSS Splitter Maven Plugin,biz.gabrys.maven.plugins.css.splitter.steadystate.converter,PageRuleConverter,71,0,4,0,14,0,5,0,3,0
CSS Splitter Maven Plugin,biz.gabrys.maven.plugins.css.splitter.steadystate.converter,CssFormatter,46,0,6,0,11,0,8,0,5,0
CSS Splitter Maven Plugin,biz.gabrys.maven.plugins.css.splitter.steadystate.converter,MultipleRuleConverter,52,0,8,0,12,0,8,0,4,0
CSS Splitter Maven Plugin,biz.gabrys.maven.plugins.css.splitter.split,NeighborsManager,44,0,4,0,15,0,4,0,2,0
CSS Splitter Maven Plugin,biz.gabrys.maven.plugins.css.splitter.split,StyleRuleSplitter,52,0,0,0,11,0,4,0,4,0
CSS Splitter Maven Plugin,biz.gabrys.maven.plugins.css.splitter.split,ComplexRuleSplitter,63,0,0,0,12,0,4,0,4,0
CSS Splitter Maven Plugin,biz.gabrys.maven.plugins.css.splitter.split,AbstractRuleSplitter,48,0,6,0,9,0,6,0,3,0
CSS Splitter Maven Plugin,biz.gabrys.maven.plugins.css.splitter.split,MultipleRuleSplitter,62,0,8,0,11,0,7,0,3,0
CSS Splitter Maven Plugin,biz.gabrys.maven.plugins.css.splitter.split,RulesSplitter.ValueAndIndex,6,0,0,0,3,0,1,0,1,0
CSS Splitter Maven Plugin,biz.gabrys.maven.plugins.css.splitter.split,RulesSplitter,133,0,10,0,33,0,10,0,5,0
CSS Splitter Maven Plugin,biz.gabrys.maven.plugins.css.splitter.split,RulesContainer,36,0,0,0,8,0,2,0,2,0
CSS Splitter Maven Plugin,biz.gabrys.maven.plugins.css.splitter.split,SplitResult,15,0,0,0,6,0,3,0,3,0
CSS Splitter Maven Plugin,biz.gabrys.maven.plugins.css.splitter.split,StyleSheetSplliter,113,0,6,0,26,0,8,0,5,0
CSS Splitter Maven Plugin,biz.gabrys.maven.plugins.css.splitter.net,UrlEscaper,13,0,0,0,3,0,1,0,1,0
CSS Splitter Maven Plugin,biz.gabrys.maven.plugins.css.splitter.message,AbstractMessagePrinter,29,0,6,0,7,0,6,0,3,0
CSS Splitter Maven Plugin,biz.gabrys.maven.plugins.css.splitter.message,UnknownRuleSizeMessagePrinter,47,0,2,0,8,0,4,0,3,0
CSS Splitter Maven Plugin,biz.gabrys.maven.plugins.css.splitter.message,ComplexRuleInvalidContentMessagePrinter,74,0,6,0,11,0,6,0,3,0
CSS Splitter Maven Plugin,biz.gabrys.maven.plugins.css.splitter.message,TreeMessagePrinter,41,0,6,0,11,0,7,0,4,0
CSS Splitter Maven Plugin,biz.gabrys.maven.plugins.css.splitter.message,StylesheetMessagePrinter,40,0,4,0,10,0,5,0,3,0
CSS Splitter Maven Plugin,biz.gabrys.maven.plugins.css.splitter.message,AnyMessagePrinter,70,0,8,0,17,0,10,0,6,0
CSS Splitter Maven Plugin,biz.gabrys.maven.plugins.css.splitter.steadystate,SACParserFactory,77,0,0,0,20,0,3,0,3,0
CSS Splitter Maven Plugin,biz.gabrys.maven.plugins.css.splitter.steadystate,ParserException,4,0,0,0,2,0,1,0,1,0
CSS Splitter Maven Plugin,biz.gabrys.maven.plugins.css.splitter.steadystate,SteadyStateParser,68,0,0,0,16,0,2,0,2,0
CSS Splitter Maven Plugin,biz.gabrys.maven.plugins.css.splitter.steadystate,ParserOptionsBuilder,41,0,2,0,13,0,7,0,6,0
CSS Splitter Maven Plugin,biz.gabrys.maven.plugins.css.splitter.steadystate,SteadyErrorHandler,72,0,4,0,22,0,8,0,6,0
CSS Splitter Maven Plugin,biz.gabrys.maven.plugins.css.splitter.steadystate,ParserOptionsBuilder.ParserOptionsImpl,9,0,0,0,3,0,3,0,3,0
CSS Splitter Maven Plugin,biz.gabrys.maven.plugins.css.splitter.css.type,ComplexRule,127,0,8,0,22,0,10,0,6,0
CSS Splitter Maven Plugin,biz.gabrys.maven.plugins.css.splitter.css.type,AbstractNodeRule,72,0,4,0,15,0,7,0,5,0
CSS Splitter Maven Plugin,biz.gabrys.maven.plugins.css.splitter.css.type,StyleSheet,73,0,6,0,14,0,7,0,4,0
CSS Splitter Maven Plugin,biz.gabrys.maven.plugins.css.splitter.css.type,TreeUtils,30,0,4,0,9,0,3,0,1,0
CSS Splitter Maven Plugin,biz.gabrys.maven.plugins.css.splitter.css.type,StyleProperty,63,0,2,0,17,0,7,0,6,0
CSS Splitter Maven Plugin,biz.gabrys.maven.plugins.css.splitter.css.type,UnknownRule,36,0,2,0,7,0,4,0,3,0
CSS Splitter Maven Plugin,biz.gabrys.maven.plugins.css.splitter.css.type,NodeImpl,24,0,0,0,10,0,7,0,7,0
CSS Splitter Maven Plugin,biz.gabrys.maven.plugins.css.splitter.css.type,UnknownRuleCounter,120,0,14,0,24,0,12,0,5,0
CSS Splitter Maven Plugin,biz.gabrys.maven.plugins.css.splitter.css.type,StyleRule,95,0,4,0,17,0,9,0,7,0
CSS Splitter Maven Plugin,biz.gabrys.maven.plugins.css.splitter.css.type,SimpleRule,14,0,0,0,6,0,3,0,3,0
CSS Splitter Maven Plugin,biz.gabrys.maven.plugins.css.splitter.compressor,InitializationException,4,0,0,0,2,0,1,0,1,0
CSS Splitter Maven Plugin,biz.gabrys.maven.plugins.css.splitter.compressor,CompressionException,4,0,0,0,2,0,1,0,1,0
CSS Splitter Maven Plugin,biz.gabrys.maven.plugins.css.splitter.compressor,CodeCompressor,40,0,0,0,11,0,2,0,2,0
CSS Splitter Maven Plugin,biz.gabrys.maven.plugins.css.splitter.validation,StylePropertiesLimitValidator,76,0,6,0,15,0,7,0,4,0
CSS Splitter Maven Plugin,biz.gabrys.maven.plugins.css.splitter.validation,AbstractRulePropertiesLimitValidator,76,0,8,0,12,0,8,0,4,0
CSS Splitter Maven Plugin,biz.gabrys.maven.plugins.css.splitter.validation,UnknownRulePropertiesLimitValidator,17,0,2,0,6,0,3,0,2,0
CSS Splitter Maven Plugin,biz.gabrys.maven.plugins.css.splitter.validation,StyleRulePropertiesLimitValidator,21,0,4,0,8,0,4,0,2,0
CSS Splitter Maven Plugin,biz.gabrys.maven.plugins.css.splitter.validation,ComplexRulePropertiesLimitValidator,61,0,6,0,11,0,6,0,3,0
CSS Splitter Maven Plugin,biz.gabrys.maven.plugins.css.splitter.validation,ValidationException,4,0,0,0,2,0,1,0,1,0
CSS Splitter Maven Plugin,biz.gabrys.maven.plugins.css.splitter.validation,RulesLimitValidator,33,0,2,0,7,0,3,0,2,0
